2022-08-05 23:05:27.851  INFO 27865 --- [main] b.s.SellerBApplication                   : Starting SellerBApplication using Java 17.0.3 on igideogcBookAir with PID 27865 (/Users/kiddo/S07P12D105/BE/sellerB/bin/main started by kiddo in /Users/kiddo/S07P12D105/BE/sellerB)
2022-08-05 23:05:27.855  INFO 27865 --- [main] b.s.SellerBApplication                   : No active profile set, falling back to 1 default profile: "default"
2022-08-05 23:05:28.264  INFO 27865 --- [main] .s.d.r.c.RepositoryConfigurationDelegate : Bootstrapping Spring Data JPA repositories in DEFAULT mode.
2022-08-05 23:05:28.296  INFO 27865 --- [main] .s.d.r.c.RepositoryConfigurationDelegate : Finished Spring Data repository scanning in 27 ms. Found 13 JPA repository interfaces.
2022-08-05 23:05:28.544  INFO 27865 --- [main] o.s.b.w.e.t.TomcatWebServer              : Tomcat initialized with port(s): 5000 (http)
2022-08-05 23:05:28.552  INFO 27865 --- [main] o.a.c.c.StandardService                  : Starting service [Tomcat]
2022-08-05 23:05:28.552  INFO 27865 --- [main] o.a.c.c.StandardEngine                   : Starting Servlet engine: [Apache Tomcat/9.0.65]
2022-08-05 23:05:28.603  INFO 27865 --- [main] o.a.c.c.C.[.[.[/api]                     : Initializing Spring embedded WebApplicationContext
2022-08-05 23:05:28.603  INFO 27865 --- [main] w.s.c.ServletWebServerApplicationContext : Root WebApplicationContext: initialization completed in 727 ms
2022-08-05 23:05:28.686  INFO 27865 --- [main] o.h.j.i.u.LogHelper                      : HHH000204: Processing PersistenceUnitInfo [name: default]
2022-08-05 23:05:28.713  INFO 27865 --- [main] o.h.Version                              : HHH000412: Hibernate ORM core version 5.6.10.Final
2022-08-05 23:05:28.799  INFO 27865 --- [main] o.h.a.c.Version                          : HCANN000001: Hibernate Commons Annotations {5.1.2.Final}
2022-08-05 23:05:28.844  INFO 27865 --- [main] c.z.h.HikariDataSource                   : HikariPool-1 - Starting...
2022-08-05 23:05:29.013  INFO 27865 --- [main] c.z.h.HikariDataSource                   : HikariPool-1 - Start completed.
2022-08-05 23:05:29.033  INFO 27865 --- [main] o.h.d.Dialect                            : HHH000400: Using dialect: org.hibernate.dialect.MariaDB106Dialect
2022-08-05 23:05:29.130  INFO 27865 --- [main] o.h.t.PojoInstantiator                   : HHH000182: No default (no-argument) constructor for class: backend.sellerB.entity.Manager (class must be instantiated by Interceptor)
2022-08-05 23:05:29.310  INFO 27865 --- [main] o.h.t.PojoInstantiator                   : HHH000182: No default (no-argument) constructor for class: backend.sellerB.entity.Manager (class must be instantiated by Interceptor)
2022-08-05 23:05:30.242  INFO 27865 --- [main] o.h.e.t.j.p.i.JtaPlatformInitiator       : HHH000490: Using JtaPlatform implementation: [org.hibernate.engine.transaction.jta.platform.internal.NoJtaPlatform]
2022-08-05 23:05:30.254  INFO 27865 --- [main] j.LocalContainerEntityManagerFactoryBean : Initialized JPA EntityManagerFactory for persistence unit 'default'
2022-08-05 23:05:30.504  WARN 27865 --- [main] JpaBaseConfiguration$JpaWebConfiguration : spring.jpa.open-in-view is enabled by default. Therefore, database queries may be performed during view rendering. Explicitly configure spring.jpa.open-in-view to disable this warning
2022-08-05 23:05:30.515  WARN 27865 --- [main] ConfigServletWebServerApplicationContext : Exception encountered during context initialization - cancelling refresh attempt: org.springframework.beans.factory.UnsatisfiedDependencyException: Error creating bean with name 'addressController' defined in file [/Users/kiddo/S07P12D105/BE/sellerB/bin/main/backend/sellerB/controller/AddressController.class]: Unsatisfied dependency expressed through constructor parameter 0; nested exception is org.springframework.beans.factory.BeanCreationException: Error creating bean with name 'addressService' defined in file [/Users/kiddo/S07P12D105/BE/sellerB/bin/main/backend/sellerB/service/AddressService.class]: Instantiation of bean failed; nested exception is org.springframework.beans.BeanInstantiationException: Failed to instantiate [backend.sellerB.service.AddressService]: Constructor threw exception; nested exception is java.lang.Error: Unresolved compilation problems: 
	The blank final field addressRepository may not have been initialized
	The method builder() is undefined for the type Address
	The method getCustomer() is undefined for the type AddressDto
	The method getAddr() is undefined for the type AddressDto
	The method getAddrRequest() is undefined for the type AddressDto
	The method getCustomer() is undefined for the type AddressDto
	The method getAddr() is undefined for the type AddressDto
	The method getAddrRequest() is undefined for the type AddressDto

2022-08-05 23:05:30.516  INFO 27865 --- [main] j.LocalContainerEntityManagerFactoryBean : Closing JPA EntityManagerFactory for persistence unit 'default'
2022-08-05 23:05:30.516  INFO 27865 --- [main] c.z.h.HikariDataSource                   : HikariPool-1 - Shutdown initiated...
2022-08-05 23:05:30.548  INFO 27865 --- [main] c.z.h.HikariDataSource                   : HikariPool-1 - Shutdown completed.
2022-08-05 23:05:30.549  INFO 27865 --- [main] o.a.c.c.StandardService                  : Stopping service [Tomcat]
2022-08-05 23:05:30.555  INFO 27865 --- [main] ConditionEvaluationReportLoggingListener : 

Error starting ApplicationContext. To display the conditions report re-run your application with 'debug' enabled.
2022-08-05 23:05:30.563 ERROR 27865 --- [main] o.s.b.SpringApplication                  : Application run failed

org.springframework.beans.factory.UnsatisfiedDependencyException: Error creating bean with name 'addressController' defined in file [/Users/kiddo/S07P12D105/BE/sellerB/bin/main/backend/sellerB/controller/AddressController.class]: Unsatisfied dependency expressed through constructor parameter 0; nested exception is org.springframework.beans.factory.BeanCreationException: Error creating bean with name 'addressService' defined in file [/Users/kiddo/S07P12D105/BE/sellerB/bin/main/backend/sellerB/service/AddressService.class]: Instantiation of bean failed; nested exception is org.springframework.beans.BeanInstantiationException: Failed to instantiate [backend.sellerB.service.AddressService]: Constructor threw exception; nested exception is java.lang.Error: Unresolved compilation problems: 
	The blank final field addressRepository may not have been initialized
	The method builder() is undefined for the type Address
	The method getCustomer() is undefined for the type AddressDto
	The method getAddr() is undefined for the type AddressDto
	The method getAddrRequest() is undefined for the type AddressDto
	The method getCustomer() is undefined for the type AddressDto
	The method getAddr() is undefined for the type AddressDto
	The method getAddrRequest() is undefined for the type AddressDto

	at org.springframework.beans.factory.support.ConstructorResolver.createArgumentArray(ConstructorResolver.java:800) ~[spring-beans-5.3.22.jar:5.3.22]
	at org.springframework.beans.factory.support.ConstructorResolver.autowireConstructor(ConstructorResolver.java:229) ~[spring-beans-5.3.22.jar:5.3.22]
	at org.springframework.beans.factory.support.AbstractAutowireCapableBeanFactory.autowireConstructor(AbstractAutowireCapableBeanFactory.java:1372) ~[spring-beans-5.3.22.jar:5.3.22]
	at org.springframework.beans.factory.support.AbstractAutowireCapableBeanFactory.createBeanInstance(AbstractAutowireCapableBeanFactory.java:1222) ~[spring-beans-5.3.22.jar:5.3.22]
	at org.springframework.beans.factory.support.AbstractAutowireCapableBeanFactory.doCreateBean(AbstractAutowireCapableBeanFactory.java:582) ~[spring-beans-5.3.22.jar:5.3.22]
	at org.springframework.beans.factory.support.AbstractAutowireCapableBeanFactory.createBean(AbstractAutowireCapableBeanFactory.java:542) ~[spring-beans-5.3.22.jar:5.3.22]
	at org.springframework.beans.factory.support.AbstractBeanFactory.lambda$doGetBean$0(AbstractBeanFactory.java:335) ~[spring-beans-5.3.22.jar:5.3.22]
	at org.springframework.beans.factory.support.DefaultSingletonBeanRegistry.getSingleton(DefaultSingletonBeanRegistry.java:234) ~[spring-beans-5.3.22.jar:5.3.22]
	at org.springframework.beans.factory.support.AbstractBeanFactory.doGetBean(AbstractBeanFactory.java:333) ~[spring-beans-5.3.22.jar:5.3.22]
	at org.springframework.beans.factory.support.AbstractBeanFactory.getBean(AbstractBeanFactory.java:208) ~[spring-beans-5.3.22.jar:5.3.22]
	at org.springframework.beans.factory.support.DefaultListableBeanFactory.preInstantiateSingletons(DefaultListableBeanFactory.java:955) ~[spring-beans-5.3.22.jar:5.3.22]
	at org.springframework.context.support.AbstractApplicationContext.finishBeanFactoryInitialization(AbstractApplicationContext.java:918) ~[spring-context-5.3.22.jar:5.3.22]
	at org.springframework.context.support.AbstractApplicationContext.refresh(AbstractApplicationContext.java:583) ~[spring-context-5.3.22.jar:5.3.22]
	at org.springframework.boot.web.servlet.context.ServletWebServerApplicationContext.refresh(ServletWebServerApplicationContext.java:147) ~[spring-boot-2.7.2.jar:2.7.2]
	at org.springframework.boot.SpringApplication.refresh(SpringApplication.java:734) ~[spring-boot-2.7.2.jar:2.7.2]
	at org.springframework.boot.SpringApplication.refreshContext(SpringApplication.java:408) ~[spring-boot-2.7.2.jar:2.7.2]
	at org.springframework.boot.SpringApplication.run(SpringApplication.java:308) ~[spring-boot-2.7.2.jar:2.7.2]
	at org.springframework.boot.SpringApplication.run(SpringApplication.java:1306) ~[spring-boot-2.7.2.jar:2.7.2]
	at org.springframework.boot.SpringApplication.run(SpringApplication.java:1295) ~[spring-boot-2.7.2.jar:2.7.2]
	at backend.sellerB.SellerBApplication.main(SellerBApplication.java:16) ~[main/:?]
Caused by: org.springframework.beans.factory.BeanCreationException: Error creating bean with name 'addressService' defined in file [/Users/kiddo/S07P12D105/BE/sellerB/bin/main/backend/sellerB/service/AddressService.class]: Instantiation of bean failed; nested exception is org.springframework.beans.BeanInstantiationException: Failed to instantiate [backend.sellerB.service.AddressService]: Constructor threw exception; nested exception is java.lang.Error: Unresolved compilation problems: 
	The blank final field addressRepository may not have been initialized
	The method builder() is undefined for the type Address
	The method getCustomer() is undefined for the type AddressDto
	The method getAddr() is undefined for the type AddressDto
	The method getAddrRequest() is undefined for the type AddressDto
	The method getCustomer() is undefined for the type AddressDto
	The method getAddr() is undefined for the type AddressDto
	The method getAddrRequest() is undefined for the type AddressDto

	at org.springframework.beans.factory.support.AbstractAutowireCapableBeanFactory.instantiateBean(AbstractAutowireCapableBeanFactory.java:1334) ~[spring-beans-5.3.22.jar:5.3.22]
	at org.springframework.beans.factory.support.AbstractAutowireCapableBeanFactory.createBeanInstance(AbstractAutowireCapableBeanFactory.java:1232) ~[spring-beans-5.3.22.jar:5.3.22]
	at org.springframework.beans.factory.support.AbstractAutowireCapableBeanFactory.doCreateBean(AbstractAutowireCapableBeanFactory.java:582) ~[spring-beans-5.3.22.jar:5.3.22]
	at org.springframework.beans.factory.support.AbstractAutowireCapableBeanFactory.createBean(AbstractAutowireCapableBeanFactory.java:542) ~[spring-beans-5.3.22.jar:5.3.22]
	at org.springframework.beans.factory.support.AbstractBeanFactory.lambda$doGetBean$0(AbstractBeanFactory.java:335) ~[spring-beans-5.3.22.jar:5.3.22]
	at org.springframework.beans.factory.support.DefaultSingletonBeanRegistry.getSingleton(DefaultSingletonBeanRegistry.java:234) ~[spring-beans-5.3.22.jar:5.3.22]
	at org.springframework.beans.factory.support.AbstractBeanFactory.doGetBean(AbstractBeanFactory.java:333) ~[spring-beans-5.3.22.jar:5.3.22]
	at org.springframework.beans.factory.support.AbstractBeanFactory.getBean(AbstractBeanFactory.java:208) ~[spring-beans-5.3.22.jar:5.3.22]
	at org.springframework.beans.factory.config.DependencyDescriptor.resolveCandidate(DependencyDescriptor.java:276) ~[spring-beans-5.3.22.jar:5.3.22]
	at org.springframework.beans.factory.support.DefaultListableBeanFactory.doResolveDependency(DefaultListableBeanFactory.java:1391) ~[spring-beans-5.3.22.jar:5.3.22]
	at org.springframework.beans.factory.support.DefaultListableBeanFactory.resolveDependency(DefaultListableBeanFactory.java:1311) ~[spring-beans-5.3.22.jar:5.3.22]
	at org.springframework.beans.factory.support.ConstructorResolver.resolveAutowiredArgument(ConstructorResolver.java:887) ~[spring-beans-5.3.22.jar:5.3.22]
	at org.springframework.beans.factory.support.ConstructorResolver.createArgumentArray(ConstructorResolver.java:791) ~[spring-beans-5.3.22.jar:5.3.22]
	... 19 more
Caused by: org.springframework.beans.BeanInstantiationException: Failed to instantiate [backend.sellerB.service.AddressService]: Constructor threw exception; nested exception is java.lang.Error: Unresolved compilation problems: 
	The blank final field addressRepository may not have been initialized
	The method builder() is undefined for the type Address
	The method getCustomer() is undefined for the type AddressDto
	The method getAddr() is undefined for the type AddressDto
	The method getAddrRequest() is undefined for the type AddressDto
	The method getCustomer() is undefined for the type AddressDto
	The method getAddr() is undefined for the type AddressDto
	The method getAddrRequest() is undefined for the type AddressDto

	at org.springframework.beans.BeanUtils.instantiateClass(BeanUtils.java:224) ~[spring-beans-5.3.22.jar:5.3.22]
	at org.springframework.beans.factory.support.SimpleInstantiationStrategy.instantiate(SimpleInstantiationStrategy.java:87) ~[spring-beans-5.3.22.jar:5.3.22]
	at org.springframework.beans.factory.support.AbstractAutowireCapableBeanFactory.instantiateBean(AbstractAutowireCapableBeanFactory.java:1326) ~[spring-beans-5.3.22.jar:5.3.22]
	at org.springframework.beans.factory.support.AbstractAutowireCapableBeanFactory.createBeanInstance(AbstractAutowireCapableBeanFactory.java:1232) ~[spring-beans-5.3.22.jar:5.3.22]
	at org.springframework.beans.factory.support.AbstractAutowireCapableBeanFactory.doCreateBean(AbstractAutowireCapableBeanFactory.java:582) ~[spring-beans-5.3.22.jar:5.3.22]
	at org.springframework.beans.factory.support.AbstractAutowireCapableBeanFactory.createBean(AbstractAutowireCapableBeanFactory.java:542) ~[spring-beans-5.3.22.jar:5.3.22]
	at org.springframework.beans.factory.support.AbstractBeanFactory.lambda$doGetBean$0(AbstractBeanFactory.java:335) ~[spring-beans-5.3.22.jar:5.3.22]
	at org.springframework.beans.factory.support.DefaultSingletonBeanRegistry.getSingleton(DefaultSingletonBeanRegistry.java:234) ~[spring-beans-5.3.22.jar:5.3.22]
	at org.springframework.beans.factory.support.AbstractBeanFactory.doGetBean(AbstractBeanFactory.java:333) ~[spring-beans-5.3.22.jar:5.3.22]
	at org.springframework.beans.factory.support.AbstractBeanFactory.getBean(AbstractBeanFactory.java:208) ~[spring-beans-5.3.22.jar:5.3.22]
	at org.springframework.beans.factory.config.DependencyDescriptor.resolveCandidate(DependencyDescriptor.java:276) ~[spring-beans-5.3.22.jar:5.3.22]
	at org.springframework.beans.factory.support.DefaultListableBeanFactory.doResolveDependency(DefaultListableBeanFactory.java:1391) ~[spring-beans-5.3.22.jar:5.3.22]
	at org.springframework.beans.factory.support.DefaultListableBeanFactory.resolveDependency(DefaultListableBeanFactory.java:1311) ~[spring-beans-5.3.22.jar:5.3.22]
	at org.springframework.beans.factory.support.ConstructorResolver.resolveAutowiredArgument(ConstructorResolver.java:887) ~[spring-beans-5.3.22.jar:5.3.22]
	at org.springframework.beans.factory.support.ConstructorResolver.createArgumentArray(ConstructorResolver.java:791) ~[spring-beans-5.3.22.jar:5.3.22]
	... 19 more
Caused by: java.lang.Error: Unresolved compilation problems: 
	The blank final field addressRepository may not have been initialized
	The method builder() is undefined for the type Address
	The method getCustomer() is undefined for the type AddressDto
	The method getAddr() is undefined for the type AddressDto
	The method getAddrRequest() is undefined for the type AddressDto
	The method getCustomer() is undefined for the type AddressDto
	The method getAddr() is undefined for the type AddressDto
	The method getAddrRequest() is undefined for the type AddressDto

	at backend.sellerB.service.AddressService.<init>(AddressService.java:17) ~[main/:?]
	at jdk.internal.reflect.NativeConstructorAccessorImpl.newInstance0(Native Method) ~[?:?]
	at jdk.internal.reflect.NativeConstructorAccessorImpl.newInstance(NativeConstructorAccessorImpl.java:77) ~[?:?]
	at jdk.internal.reflect.DelegatingConstructorAccessorImpl.newInstance(DelegatingConstructorAccessorImpl.java:45) ~[?:?]
	at java.lang.reflect.Constructor.newInstanceWithCaller(Constructor.java:499) ~[?:?]
	at java.lang.reflect.Constructor.newInstance(Constructor.java:480) ~[?:?]
	at org.springframework.beans.BeanUtils.instantiateClass(BeanUtils.java:211) ~[spring-beans-5.3.22.jar:5.3.22]
	at org.springframework.beans.factory.support.SimpleInstantiationStrategy.instantiate(SimpleInstantiationStrategy.java:87) ~[spring-beans-5.3.22.jar:5.3.22]
	at org.springframework.beans.factory.support.AbstractAutowireCapableBeanFactory.instantiateBean(AbstractAutowireCapableBeanFactory.java:1326) ~[spring-beans-5.3.22.jar:5.3.22]
	at org.springframework.beans.factory.support.AbstractAutowireCapableBeanFactory.createBeanInstance(AbstractAutowireCapableBeanFactory.java:1232) ~[spring-beans-5.3.22.jar:5.3.22]
	at org.springframework.beans.factory.support.AbstractAutowireCapableBeanFactory.doCreateBean(AbstractAutowireCapableBeanFactory.java:582) ~[spring-beans-5.3.22.jar:5.3.22]
	at org.springframework.beans.factory.support.AbstractAutowireCapableBeanFactory.createBean(AbstractAutowireCapableBeanFactory.java:542) ~[spring-beans-5.3.22.jar:5.3.22]
	at org.springframework.beans.factory.support.AbstractBeanFactory.lambda$doGetBean$0(AbstractBeanFactory.java:335) ~[spring-beans-5.3.22.jar:5.3.22]
	at org.springframework.beans.factory.support.DefaultSingletonBeanRegistry.getSingleton(DefaultSingletonBeanRegistry.java:234) ~[spring-beans-5.3.22.jar:5.3.22]
	at org.springframework.beans.factory.support.AbstractBeanFactory.doGetBean(AbstractBeanFactory.java:333) ~[spring-beans-5.3.22.jar:5.3.22]
	at org.springframework.beans.factory.support.AbstractBeanFactory.getBean(AbstractBeanFactory.java:208) ~[spring-beans-5.3.22.jar:5.3.22]
	at org.springframework.beans.factory.config.DependencyDescriptor.resolveCandidate(DependencyDescriptor.java:276) ~[spring-beans-5.3.22.jar:5.3.22]
	at org.springframework.beans.factory.support.DefaultListableBeanFactory.doResolveDependency(DefaultListableBeanFactory.java:1391) ~[spring-beans-5.3.22.jar:5.3.22]
	at org.springframework.beans.factory.support.DefaultListableBeanFactory.resolveDependency(DefaultListableBeanFactory.java:1311) ~[spring-beans-5.3.22.jar:5.3.22]
	at org.springframework.beans.factory.support.ConstructorResolver.resolveAutowiredArgument(ConstructorResolver.java:887) ~[spring-beans-5.3.22.jar:5.3.22]
	at org.springframework.beans.factory.support.ConstructorResolver.createArgumentArray(ConstructorResolver.java:791) ~[spring-beans-5.3.22.jar:5.3.22]
	... 19 more

