2022-08-13 00:49:38.415 DEBUG 11532 --- [main] ySourcesPropertyResolver$DefaultResolver : Found key 'spring.liveBeansView.mbeanDomain' in PropertySource 'systemProperties' with value of type String
2022-08-13 00:49:38.421  INFO 11532 --- [main] b.s.SellerBApplication                   : Started SellerBApplication in 5.742 seconds (JVM running for 6.912)
2022-08-13 00:49:38.421 DEBUG 11532 --- [main] o.s.b.a.ApplicationAvailabilityBean      : Application availability state LivenessState changed to CORRECT
2022-08-13 00:49:38.421 DEBUG 11532 --- [main] o.s.b.a.ApplicationAvailabilityBean      : Application availability state ReadinessState changed to ACCEPTING_TRAFFIC
2022-08-13 00:49:41.769  INFO 11532 --- [http-nio-5000-exec-2] o.a.c.c.C.[.[.[/api]                     : Initializing Spring DispatcherServlet 'dispatcherServlet'
2022-08-13 00:49:41.770  INFO 11532 --- [http-nio-5000-exec-2] o.s.w.s.DispatcherServlet                : Initializing Servlet 'dispatcherServlet'
2022-08-13 00:49:41.770 DEBUG 11532 --- [http-nio-5000-exec-2] o.s.w.s.DispatcherServlet                : Detected StandardServletMultipartResolver
2022-08-13 00:49:41.770 DEBUG 11532 --- [http-nio-5000-exec-2] o.s.w.s.DispatcherServlet                : Detected AcceptHeaderLocaleResolver
2022-08-13 00:49:41.770 DEBUG 11532 --- [http-nio-5000-exec-2] o.s.w.s.DispatcherServlet                : Detected FixedThemeResolver
2022-08-13 00:49:41.771 DEBUG 11532 --- [http-nio-5000-exec-2] o.s.w.s.DispatcherServlet                : Detected org.springframework.web.servlet.view.DefaultRequestToViewNameTranslator@4fae8455
2022-08-13 00:49:41.771 DEBUG 11532 --- [http-nio-5000-exec-2] o.s.w.s.DispatcherServlet                : Detected org.springframework.web.servlet.support.SessionFlashMapManager@3cc9bde9
2022-08-13 00:49:41.771 DEBUG 11532 --- [http-nio-5000-exec-2] o.s.w.s.DispatcherServlet                : enableLoggingRequestDetails='false': request parameters and headers will be masked to prevent unsafe logging of potentially sensitive data
2022-08-13 00:49:41.771  INFO 11532 --- [http-nio-5000-exec-2] o.s.w.s.DispatcherServlet                : Completed initialization in 1 ms
2022-08-13 00:49:41.778 DEBUG 11532 --- [http-nio-5000-exec-2] o.s.s.w.FilterChainProxy                 : Securing POST /waiting-page
2022-08-13 00:49:41.781 DEBUG 11532 --- [http-nio-5000-exec-2] s.s.w.c.SecurityContextPersistenceFilter : Set SecurityContextHolder to empty SecurityContext
2022-08-13 00:49:41.785 DEBUG 11532 --- [http-nio-5000-exec-2] b.s.j.JwtFilter                          : doFilter 들어옴
2022-08-13 00:49:41.785 DEBUG 11532 --- [http-nio-5000-exec-2] b.s.j.JwtFilter                          : 유효한 JWT 토큰이 없습니다, uri: /api/waiting-page
2022-08-13 00:49:41.786 DEBUG 11532 --- [http-nio-5000-exec-2] o.s.s.w.a.AnonymousAuthenticationFilter  : Set SecurityContextHolder to anonymous SecurityContext
2022-08-13 00:49:41.788 DEBUG 11532 --- [http-nio-5000-exec-2] o.s.s.w.a.i.FilterSecurityInterceptor    : Authorized filter invocation [POST /waiting-page] with attributes [permitAll]
2022-08-13 00:49:41.789 DEBUG 11532 --- [http-nio-5000-exec-2] o.s.s.w.FilterChainProxy                 : Secured POST /waiting-page
2022-08-13 00:49:41.790 DEBUG 11532 --- [http-nio-5000-exec-2] o.s.w.s.DispatcherServlet                : POST "/api/waiting-page", parameters={}
2022-08-13 00:49:41.793 DEBUG 11532 --- [http-nio-5000-exec-2] s.w.s.m.m.a.RequestMappingHandlerMapping : Mapped to backend.sellerB.controller.CustomerWaitingPageController#saveCustomerWaitingPage(RegisterCustomerWaitingPageDto)
2022-08-13 00:49:41.794 DEBUG 11532 --- [http-nio-5000-exec-2] o.j.s.OpenEntityManagerInViewInterceptor : Opening JPA EntityManager in OpenEntityManagerInViewInterceptor
2022-08-13 00:49:41.814 DEBUG 11532 --- [http-nio-5000-exec-2] m.m.a.RequestResponseBodyMethodProcessor : Read "application/json;charset=UTF-8" to [RegisterCustomerWaitingPageDto(productSeq=2, customerWaitingPageMent=test, customerWaitingPageImageU (truncated)...]
2022-08-13 00:49:41.825 DEBUG 11532 --- [http-nio-5000-exec-2] o.s.o.j.JpaTransactionManager            : Found thread-bound EntityManager [SessionImpl(89805094<open>)] for JPA transaction
2022-08-13 00:49:41.825 DEBUG 11532 --- [http-nio-5000-exec-2] o.s.o.j.JpaTransactionManager            : Creating new transaction with name [backend.sellerB.service.CustomerWaitingPageService.create]: PROPAGATION_REQUIRED,ISOLATION_DEFAULT
2022-08-13 00:49:41.825 DEBUG 11532 --- [http-nio-5000-exec-2] o.h.e.t.i.TransactionImpl                : On TransactionImpl creation, JpaCompliance#isJpaTransactionComplianceEnabled == false
2022-08-13 00:49:41.825 DEBUG 11532 --- [http-nio-5000-exec-2] o.h.e.t.i.TransactionImpl                : begin
2022-08-13 00:49:41.831 DEBUG 11532 --- [http-nio-5000-exec-2] o.m.j.c.i.StandardClient                 : execute query: set autocommit=0
2022-08-13 00:49:41.837 DEBUG 11532 --- [http-nio-5000-exec-2] o.m.j.m.s.OkPacket                       : System variable change:  autocommit = OFF
2022-08-13 00:49:41.842 DEBUG 11532 --- [http-nio-5000-exec-2] o.s.o.j.JpaTransactionManager            : Exposing JPA transaction as JDBC [org.springframework.orm.jpa.vendor.HibernateJpaDialect$HibernateConnectionHandle@32aef58d]
2022-08-13 00:49:41.859 DEBUG 11532 --- [http-nio-5000-exec-2] o.h.q.c.i.CriteriaQueryImpl              : Rendered criteria query -> select generatedAlias0 from CustomerWaitingPage as generatedAlias0 left join generatedAlias0.product as generatedAlias1 where generatedAlias1.productSeq=:param0
2022-08-13 00:49:41.872 DEBUG 11532 --- [http-nio-5000-exec-2] o.h.h.i.QueryTranslatorFactoryInitiator  : QueryTranslatorFactory: org.hibernate.hql.internal.ast.ASTQueryTranslatorFactory@154009c3
2022-08-13 00:49:41.885 DEBUG 11532 --- [http-nio-5000-exec-2] o.h.h.i.a.QueryTranslatorImpl            : parse() - HQL: select generatedAlias0 from backend.sellerB.entity.CustomerWaitingPage as generatedAlias0 left join generatedAlias0.product as generatedAlias1 where generatedAlias1.productSeq=:param0
2022-08-13 00:49:41.888 DEBUG 11532 --- [http-nio-5000-exec-2] o.h.h.i.a.ErrorTracker                   : throwQueryException() : no errors
2022-08-13 00:49:41.892 DEBUG 11532 --- [http-nio-5000-exec-2] o.h.h.i.a.QueryTranslatorImpl            : --- HQL AST ---
 \-[QUERY] Node: 'query'
    +-[SELECT_FROM] Node: 'SELECT_FROM'
    |  +-[FROM] Node: 'from'
    |  |  +-[RANGE] Node: 'RANGE'
    |  |  |  +-[DOT] Node: '.'
    |  |  |  |  +-[DOT] Node: '.'
    |  |  |  |  |  +-[DOT] Node: '.'
    |  |  |  |  |  |  +-[IDENT] Node: 'backend'
    |  |  |  |  |  |  \-[IDENT] Node: 'sellerB'
    |  |  |  |  |  \-[IDENT] Node: 'entity'
    |  |  |  |  \-[IDENT] Node: 'CustomerWaitingPage'
    |  |  |  \-[ALIAS] Node: 'generatedAlias0'
    |  |  \-[JOIN] Node: 'join'
    |  |     +-[LEFT] Node: 'left'
    |  |     +-[DOT] Node: '.'
    |  |     |  +-[IDENT] Node: 'generatedAlias0'
    |  |     |  \-[IDENT] Node: 'product'
    |  |     \-[ALIAS] Node: 'generatedAlias1'
    |  \-[SELECT] Node: 'select'
    |     \-[IDENT] Node: 'generatedAlias0'
    \-[WHERE] Node: 'where'
       \-[EQ] Node: '='
          +-[DOT] Node: '.'
          |  +-[IDENT] Node: 'generatedAlias1'
          |  \-[IDENT] Node: 'productSeq'
          \-[COLON] Node: ':'
             \-[IDENT] Node: 'param0'

2022-08-13 00:49:41.901 DEBUG 11532 --- [http-nio-5000-exec-2] o.h.h.i.a.HqlSqlBaseWalker               : select << begin [level=1, statement=select]
2022-08-13 00:49:41.910 DEBUG 11532 --- [http-nio-5000-exec-2] o.h.h.i.a.t.FromElement                  : FromClause{level=1} : backend.sellerB.entity.CustomerWaitingPage (generatedAlias0) -> customerwa0_
2022-08-13 00:49:41.911 DEBUG 11532 --- [http-nio-5000-exec-2] o.h.h.i.a.t.FromReferenceNode            : Resolved : generatedAlias0 -> customerwa0_.customer_waiting_page_seq
2022-08-13 00:49:41.913 DEBUG 11532 --- [http-nio-5000-exec-2] o.h.h.i.a.t.DotNode                      : getDataType() : product -> org.hibernate.type.ManyToOneType(backend.sellerB.entity.Product)
2022-08-13 00:49:41.913 DEBUG 11532 --- [http-nio-5000-exec-2] o.h.h.i.a.t.DotNode                      : dereferenceEntityJoin() : generating join for product in backend.sellerB.entity.CustomerWaitingPage (generatedAlias1) parent = [ {null} ]
2022-08-13 00:49:41.915 DEBUG 11532 --- [http-nio-5000-exec-2] o.h.h.i.a.t.FromElement                  : FromClause{level=1} : backend.sellerB.entity.Product (generatedAlias1) -> product1_
2022-08-13 00:49:41.915 DEBUG 11532 --- [http-nio-5000-exec-2] o.h.h.i.a.t.FromClause                   : addJoinByPathMap() : generatedAlias0.product -> FromElement{explicit,not a collection join,not a fetch join,fetch non-lazy properties,classAlias=generatedAlias1,role=null,tableName=t_product,tableAlias=product1_,origin=t_customer_waiting_page customerwa0_,columns={customerwa0_.product_seq,className=backend.sellerB.entity.Product}}
2022-08-13 00:49:41.915 DEBUG 11532 --- [http-nio-5000-exec-2] o.h.h.i.a.t.FromReferenceNode            : Resolved : generatedAlias0.product -> customerwa0_.product_seq
2022-08-13 00:49:41.915 DEBUG 11532 --- [http-nio-5000-exec-2] o.h.h.i.a.HqlSqlWalker                   : createFromJoinElement() : -- join tree --
 \-[JOIN_FRAGMENT] FromElement: 't_product product1_' FromElement{explicit,not a collection join,not a fetch join,fetch non-lazy properties,classAlias=generatedAlias1,role=backend.sellerB.entity.CustomerWaitingPage.product,tableName=t_product,tableAlias=product1_,origin=t_customer_waiting_page customerwa0_,columns={customerwa0_.product_seq,className=backend.sellerB.entity.Product}}

2022-08-13 00:49:41.915 DEBUG 11532 --- [http-nio-5000-exec-2] o.h.h.i.a.t.FromReferenceNode            : Resolved : generatedAlias0 -> customerwa0_.customer_waiting_page_seq
2022-08-13 00:49:41.917 DEBUG 11532 --- [http-nio-5000-exec-2] o.h.h.i.a.t.FromReferenceNode            : Resolved : generatedAlias1 -> product1_.product_seq
2022-08-13 00:49:41.918 DEBUG 11532 --- [http-nio-5000-exec-2] o.h.h.i.a.t.DotNode                      : getDataType() : productSeq -> org.hibernate.type.LongType@4e8d9bb6
2022-08-13 00:49:41.918 DEBUG 11532 --- [http-nio-5000-exec-2] o.h.h.i.a.t.FromReferenceNode            : Resolved : generatedAlias1.productSeq -> product1_.product_seq
2022-08-13 00:49:41.919 DEBUG 11532 --- [http-nio-5000-exec-2] o.h.h.i.a.HqlSqlBaseWalker               : select : finishing up [level=1, statement=select]
2022-08-13 00:49:41.919 DEBUG 11532 --- [http-nio-5000-exec-2] o.h.h.i.a.HqlSqlWalker                   : processQuery() :  ( SELECT ( {select clause} customerwa0_.customer_waiting_page_seq ) ( FromClause{level=1} ( t_customer_waiting_page customerwa0_ t_product product1_ ) ) ( where ( = ( product1_.product_seq product1_.product_seq productSeq ) ? ) ) )
2022-08-13 00:49:41.922 DEBUG 11532 --- [http-nio-5000-exec-2] o.h.h.i.a.u.JoinProcessor                : Tables referenced from query nodes:
 \-QueryNode
    +-SelectClause
    | referencedTables(entity CustomerWaitingPage): [t_customer_waiting_page]
    |  +-IdentNode
    |  | persister: SingleTableEntityPersister(backend.sellerB.entity.CustomerWaitingPage)
    |  | originalText: generatedAlias0
    |  \-SqlFragment
    +-FromClause
    |  \-FromElement
    |     \-FromElement
    \-SqlNode
       \-BinaryLogicOperatorNode
          +-DotNode
          | persister: SingleTableEntityPersister(backend.sellerB.entity.Product)
          | path: generatedAlias1.productSeq
          |  +-IdentNode
          |  | persister: SingleTableEntityPersister(backend.sellerB.entity.Product)
          |  | originalText: generatedAlias1
          |  \-IdentNode
          |    persister: null
          |    originalText: productSeq
          \-ParameterNode

2022-08-13 00:49:41.923 DEBUG 11532 --- [http-nio-5000-exec-2] o.h.h.i.a.u.JoinProcessor                : Using FROM fragment [t_customer_waiting_page customerwa0_]
2022-08-13 00:49:41.923 DEBUG 11532 --- [http-nio-5000-exec-2] o.h.h.i.a.u.SyntheticAndFactory          : Using unprocessed WHERE-fragment [( customerwa0_.customer_waiting_page_del_yn=0)]
2022-08-13 00:49:41.924 DEBUG 11532 --- [http-nio-5000-exec-2] o.h.h.i.a.u.SyntheticAndFactory          : Using processed WHERE-fragment [( customerwa0_.customer_waiting_page_del_yn=0)]
2022-08-13 00:49:41.924 DEBUG 11532 --- [http-nio-5000-exec-2] o.h.h.i.a.u.JoinProcessor                : Using FROM fragment [left outer join t_product product1_ on customerwa0_.product_seq=product1_.product_seq]
2022-08-13 00:49:41.924 DEBUG 11532 --- [http-nio-5000-exec-2] o.h.h.i.a.HqlSqlBaseWalker               : select >> end [level=1, statement=select]
2022-08-13 00:49:41.924 DEBUG 11532 --- [http-nio-5000-exec-2] o.h.h.i.a.QueryTranslatorImpl            : --- SQL AST ---
 \-[SELECT] QueryNode: 'SELECT'  querySpaces (t_product,t_customer_waiting_page)
    +-[SELECT_CLAUSE] SelectClause: '{select clause}'
    |  +-[ALIAS_REF] IdentNode: 'customerwa0_.customer_waiting_page_seq as customer1_6_' {alias=generatedAlias0, className=backend.sellerB.entity.CustomerWaitingPage, tableAlias=customerwa0_}
    |  \-[SQL_TOKEN] SqlFragment: 'customerwa0_.customer_waiting_page_del_yn as customer2_6_, customerwa0_.customer_waiting_page_image as customer3_6_, customerwa0_.customer_waiting_page_ment as customer4_6_, customerwa0_.customer_waiting_page_mod_date as customer5_6_, customerwa0_.customer_waiting_page_mod_user as customer6_6_, customerwa0_.customer_waiting_page_reg_date as customer7_6_, customerwa0_.customer_waiting_page_reg_user as customer8_6_, customerwa0_.product_seq as product_9_6_'
    +-[FROM] FromClause: 'from' FromClause{level=1, fromElementCounter=2, fromElements=2, fromElementByClassAlias=[generatedAlias0, generatedAlias1], fromElementByTableAlias=[product1_, customerwa0_], fromElementsByPath=[generatedAlias0.product], collectionJoinFromElementsByPath=[], impliedElements=[]}
    |  \-[FROM_FRAGMENT] FromElement: 't_customer_waiting_page customerwa0_' FromElement{explicit,not a collection join,not a fetch join,fetch non-lazy properties,classAlias=generatedAlias0,role=null,tableName=t_customer_waiting_page,tableAlias=customerwa0_,origin=null,columns={,className=backend.sellerB.entity.CustomerWaitingPage}}
    |     \-[JOIN_FRAGMENT] FromElement: 'left outer join t_product product1_ on customerwa0_.product_seq=product1_.product_seq' FromElement{explicit,not a collection join,not a fetch join,fetch non-lazy properties,classAlias=generatedAlias1,role=backend.sellerB.entity.CustomerWaitingPage.product,tableName=t_product,tableAlias=product1_,origin=t_customer_waiting_page customerwa0_,columns={customerwa0_.product_seq,className=backend.sellerB.entity.Product}}
    \-[WHERE] SqlNode: 'where'
       +-[FILTERS] SqlNode: '{filter conditions}'
       |  \-[SQL_TOKEN] SqlFragment: '( customerwa0_.customer_waiting_page_del_yn=0)'
       \-[EQ] BinaryLogicOperatorNode: '='
          +-[DOT] DotNode: 'product1_.product_seq' {propertyName=productSeq,dereferenceType=PRIMITIVE,getPropertyPath=productSeq,path=generatedAlias1.productSeq,tableAlias=product1_,className=backend.sellerB.entity.Product,classAlias=generatedAlias1}
          |  +-[ALIAS_REF] IdentNode: 'product1_.product_seq' {alias=generatedAlias1, className=backend.sellerB.entity.Product, tableAlias=product1_}
          |  \-[IDENT] IdentNode: 'productSeq' {originalText=productSeq}
          \-[NAMED_PARAM] ParameterNode: '?' {name=param0, expectedType=org.hibernate.type.LongType@4e8d9bb6}

2022-08-13 00:49:41.924 DEBUG 11532 --- [http-nio-5000-exec-2] o.h.h.i.a.ErrorTracker                   : throwQueryException() : no errors
2022-08-13 00:49:41.927 DEBUG 11532 --- [http-nio-5000-exec-2] o.h.h.i.a.QueryTranslatorImpl            : HQL: select generatedAlias0 from backend.sellerB.entity.CustomerWaitingPage as generatedAlias0 left join generatedAlias0.product as generatedAlias1 where generatedAlias1.productSeq=:param0
2022-08-13 00:49:41.927 DEBUG 11532 --- [http-nio-5000-exec-2] o.h.h.i.a.QueryTranslatorImpl            : SQL: select customerwa0_.customer_waiting_page_seq as customer1_6_, customerwa0_.customer_waiting_page_del_yn as customer2_6_, customerwa0_.customer_waiting_page_image as customer3_6_, customerwa0_.customer_waiting_page_ment as customer4_6_, customerwa0_.customer_waiting_page_mod_date as customer5_6_, customerwa0_.customer_waiting_page_mod_user as customer6_6_, customerwa0_.customer_waiting_page_reg_date as customer7_6_, customerwa0_.customer_waiting_page_reg_user as customer8_6_, customerwa0_.product_seq as product_9_6_ from t_customer_waiting_page customerwa0_ left outer join t_product product1_ on customerwa0_.product_seq=product1_.product_seq where ( customerwa0_.customer_waiting_page_del_yn=0) and product1_.product_seq=?
2022-08-13 00:49:41.927 DEBUG 11532 --- [http-nio-5000-exec-2] o.h.h.i.a.ErrorTracker                   : throwQueryException() : no errors
2022-08-13 00:49:41.940 DEBUG 11532 --- [http-nio-5000-exec-2] o.h.SQL                                  : select customerwa0_.customer_waiting_page_seq as customer1_6_, customerwa0_.customer_waiting_page_del_yn as customer2_6_, customerwa0_.customer_waiting_page_image as customer3_6_, customerwa0_.customer_waiting_page_ment as customer4_6_, customerwa0_.customer_waiting_page_mod_date as customer5_6_, customerwa0_.customer_waiting_page_mod_user as customer6_6_, customerwa0_.customer_waiting_page_reg_date as customer7_6_, customerwa0_.customer_waiting_page_reg_user as customer8_6_, customerwa0_.product_seq as product_9_6_ from t_customer_waiting_page customerwa0_ left outer join t_product product1_ on customerwa0_.product_seq=product1_.product_seq where ( customerwa0_.customer_waiting_page_del_yn=0) and product1_.product_seq=?
2022-08-13 00:49:41.942 TRACE 11532 --- [http-nio-5000-exec-2] o.h.t.d.s.BasicBinder                    : binding parameter [1] as [BIGINT] - [2]
2022-08-13 00:49:41.943 DEBUG 11532 --- [http-nio-5000-exec-2] o.m.j.c.i.StandardClient                 : execute query: select customerwa0_.customer_waiting_page_seq as customer1_6_, customerwa0_.customer_waiting_page_del_yn as customer2_6_, customerwa0_.customer_waiting_page_image as customer3_6_, customerwa0_.customer_waiting_page_ment as customer4_6_, customerwa0_.customer_waiting_page_mod_date as customer5_6_, customerwa0_.customer_waiting_page_mod_user as customer6_6_, customerwa0_.customer_waiting_page_reg_date as customer7_6_, customerwa0_.customer_waiting_page_reg_user as customer8_6_, customerwa0_.product_seq as product_9_6_ from t_customer_waiting_page customerwa0_ left outer join t_product product1_ on customerwa0_.product_seq=product1_.product_seq where ( customerwa0_.customer_waiting_page_del_yn=0) and product1_.product_seq=?
2022-08-13 00:49:41.963 DEBUG 11532 --- [http-nio-5000-exec-2] o.s.o.j.JpaTransactionManager            : Found thread-bound EntityManager [SessionImpl(89805094<open>)] for JPA transaction
2022-08-13 00:49:41.963 DEBUG 11532 --- [http-nio-5000-exec-2] o.s.o.j.JpaTransactionManager            : Participating in existing transaction
2022-08-13 00:49:41.974 DEBUG 11532 --- [http-nio-5000-exec-2] o.h.SQL                                  : select product0_.product_seq as product_1_12_0_, product0_.product_del_yn as product_2_12_0_, product0_.product_group_seq as product12_12_0_, product0_.product_id as product_3_12_0_, product0_.product_manual as product_4_12_0_, product0_.product_mod_date as product_5_12_0_, product0_.product_mod_user as product_6_12_0_, product0_.product_name as product_7_12_0_, product0_.product_price as product_8_12_0_, product0_.product_reg_date as product_9_12_0_, product0_.product_reg_user as product10_12_0_, product0_.product_thumbnail as product11_12_0_, productgro1_.product_group_seq as product_1_13_1_, productgro1_.brand_seq as brand_se9_13_1_, productgro1_.product_group_code as product_2_13_1_, productgro1_.product_group_del_yn as product_3_13_1_, productgro1_.product_group_mod as product_4_13_1_, productgro1_.product_group_mod_date as product_5_13_1_, productgro1_.product_group_name as product_6_13_1_, productgro1_.product_group_reg_date as product_7_13_1_, productgro1_.product_group_reg_user as product_8_13_1_, brand2_.brand_seq as brand_se1_1_2_, brand2_.brand_del_yn as brand_de2_1_2_, brand2_.brand_logo as brand_lo3_1_2_, brand2_.brand_mod_date as brand_mo4_1_2_, brand2_.brand_mod_user as brand_mo5_1_2_, brand2_.brand_name_eng as brand_na6_1_2_, brand2_.brand_name_kor as brand_na7_1_2_, brand2_.brand_reg_date as brand_re8_1_2_, brand2_.brand_reg_user as brand_re9_1_2_ from t_product product0_ left outer join t_product_group productgro1_ on product0_.product_group_seq=productgro1_.product_group_seq left outer join t_brand brand2_ on productgro1_.brand_seq=brand2_.brand_seq where product0_.product_seq=? and ( product0_.product_del_yn=0)
2022-08-13 00:49:41.974 TRACE 11532 --- [http-nio-5000-exec-2] o.h.t.d.s.BasicBinder                    : binding parameter [1] as [BIGINT] - [2]
2022-08-13 00:49:41.975 DEBUG 11532 --- [http-nio-5000-exec-2] o.m.j.c.i.StandardClient                 : execute query: select product0_.product_seq as product_1_12_0_, product0_.product_del_yn as product_2_12_0_, product0_.product_group_seq as product12_12_0_, product0_.product_id as product_3_12_0_, product0_.product_manual as product_4_12_0_, product0_.product_mod_date as product_5_12_0_, product0_.product_mod_user as product_6_12_0_, product0_.product_name as product_7_12_0_, product0_.product_price as product_8_12_0_, product0_.product_reg_date as product_9_12_0_, product0_.product_reg_user as product10_12_0_, product0_.product_thumbnail as product11_12_0_, productgro1_.product_group_seq as product_1_13_1_, productgro1_.brand_seq as brand_se9_13_1_, productgro1_.product_group_code as product_2_13_1_, productgro1_.product_group_del_yn as product_3_13_1_, productgro1_.product_group_mod as product_4_13_1_, productgro1_.product_group_mod_date as product_5_13_1_, productgro1_.product_group_name as product_6_13_1_, productgro1_.product_group_reg_date as product_7_13_1_, productgro1_.product_group_reg_user as product_8_13_1_, brand2_.brand_seq as brand_se1_1_2_, brand2_.brand_del_yn as brand_de2_1_2_, brand2_.brand_logo as brand_lo3_1_2_, brand2_.brand_mod_date as brand_mo4_1_2_, brand2_.brand_mod_user as brand_mo5_1_2_, brand2_.brand_name_eng as brand_na6_1_2_, brand2_.brand_name_kor as brand_na7_1_2_, brand2_.brand_reg_date as brand_re8_1_2_, brand2_.brand_reg_user as brand_re9_1_2_ from t_product product0_ left outer join t_product_group productgro1_ on product0_.product_group_seq=productgro1_.product_group_seq left outer join t_brand brand2_ on productgro1_.brand_seq=brand2_.brand_seq where product0_.product_seq=? and ( product0_.product_del_yn=0)
2022-08-13 00:49:41.994 TRACE 11532 --- [http-nio-5000-exec-2] o.h.t.d.s.BasicExtractor                 : extracted value ([product_1_13_1_] : [BIGINT]) - [1]
2022-08-13 00:49:41.994 TRACE 11532 --- [http-nio-5000-exec-2] o.h.t.d.s.BasicExtractor                 : extracted value ([brand_se1_1_2_] : [BIGINT]) - [1]
2022-08-13 00:49:41.994 DEBUG 11532 --- [http-nio-5000-exec-2] l.p.e.p.i.EntityReferenceInitializerImpl : On call to EntityIdentifierReaderImpl#resolve, EntityKey was already known; should only happen on root returns with an optional identifier specified
2022-08-13 00:49:41.998 TRACE 11532 --- [http-nio-5000-exec-2] o.h.t.d.s.BasicExtractor                 : extracted value ([product_2_12_0_] : [BOOLEAN]) - [false]
2022-08-13 00:49:41.998 TRACE 11532 --- [http-nio-5000-exec-2] o.h.t.d.s.BasicExtractor                 : extracted value ([product12_12_0_] : [BIGINT]) - [1]
2022-08-13 00:49:41.998 TRACE 11532 --- [http-nio-5000-exec-2] o.h.t.d.s.BasicExtractor                 : extracted value ([product_3_12_0_] : [VARCHAR]) - [KQ75QB65AFXKR]
2022-08-13 00:49:41.998 TRACE 11532 --- [http-nio-5000-exec-2] o.h.t.d.s.BasicExtractor                 : extracted value ([product_4_12_0_] : [VARCHAR]) - [메뉴얼]
2022-08-13 00:49:41.999 TRACE 11532 --- [http-nio-5000-exec-2] o.h.t.d.s.BasicExtractor                 : extracted value ([product_5_12_0_] : [TIMESTAMP]) - [2022-08-11T12:03:16]
2022-08-13 00:49:41.999 TRACE 11532 --- [http-nio-5000-exec-2] o.h.t.d.s.BasicExtractor                 : extracted value ([product_6_12_0_] : [VARCHAR]) - [s_manager]
2022-08-13 00:49:41.999 TRACE 11532 --- [http-nio-5000-exec-2] o.h.t.d.s.BasicExtractor                 : extracted value ([product_7_12_0_] : [VARCHAR]) - [2022 QLED 4K 189 cm 스탠드형
]
2022-08-13 00:49:41.999 TRACE 11532 --- [http-nio-5000-exec-2] o.h.t.d.s.BasicExtractor                 : extracted value ([product_8_12_0_] : [INTEGER]) - [3690000]
2022-08-13 00:49:42.000 TRACE 11532 --- [http-nio-5000-exec-2] o.h.t.d.s.BasicExtractor                 : extracted value ([product_9_12_0_] : [TIMESTAMP]) - [2022-08-11T12:03:16]
2022-08-13 00:49:42.000 TRACE 11532 --- [http-nio-5000-exec-2] o.h.t.d.s.BasicExtractor                 : extracted value ([product10_12_0_] : [VARCHAR]) - [s_manager]
2022-08-13 00:49:42.000 TRACE 11532 --- [http-nio-5000-exec-2] o.h.t.d.s.BasicExtractor                 : extracted value ([product11_12_0_] : [VARCHAR]) - [https://sellerb.s3.ap-northeast-2.amazonaws.com/product/image.2_1660279246834.png]
2022-08-13 00:49:42.001 TRACE 11532 --- [http-nio-5000-exec-2] o.h.t.d.s.BasicExtractor                 : extracted value ([brand_se9_13_1_] : [BIGINT]) - [1]
2022-08-13 00:49:42.001 TRACE 11532 --- [http-nio-5000-exec-2] o.h.t.d.s.BasicExtractor                 : extracted value ([product_2_13_1_] : [VARCHAR]) - [S001]
2022-08-13 00:49:42.001 TRACE 11532 --- [http-nio-5000-exec-2] o.h.t.d.s.BasicExtractor                 : extracted value ([product_3_13_1_] : [BOOLEAN]) - [false]
2022-08-13 00:49:42.001 TRACE 11532 --- [http-nio-5000-exec-2] o.h.t.d.s.BasicExtractor                 : extracted value ([product_4_13_1_] : [VARCHAR]) - [samsung]
2022-08-13 00:49:42.001 TRACE 11532 --- [http-nio-5000-exec-2] o.h.t.d.s.BasicExtractor                 : extracted value ([product_5_13_1_] : [TIMESTAMP]) - [2022-08-11T00:52:23]
2022-08-13 00:49:42.001 TRACE 11532 --- [http-nio-5000-exec-2] o.h.t.d.s.BasicExtractor                 : extracted value ([product_6_13_1_] : [VARCHAR]) - [TV]
2022-08-13 00:49:42.001 TRACE 11532 --- [http-nio-5000-exec-2] o.h.t.d.s.BasicExtractor                 : extracted value ([product_7_13_1_] : [TIMESTAMP]) - [2022-08-11T00:52:23]
2022-08-13 00:49:42.001 TRACE 11532 --- [http-nio-5000-exec-2] o.h.t.d.s.BasicExtractor                 : extracted value ([product_8_13_1_] : [VARCHAR]) - [samsung]
2022-08-13 00:49:42.001 TRACE 11532 --- [http-nio-5000-exec-2] o.h.t.d.s.BasicExtractor                 : extracted value ([brand_de2_1_2_] : [BOOLEAN]) - [false]
2022-08-13 00:49:42.001 TRACE 11532 --- [http-nio-5000-exec-2] o.h.t.d.s.BasicExtractor                 : extracted value ([brand_lo3_1_2_] : [VARCHAR]) - [이미지경로]
2022-08-13 00:49:42.001 TRACE 11532 --- [http-nio-5000-exec-2] o.h.t.d.s.BasicExtractor                 : extracted value ([brand_mo4_1_2_] : [TIMESTAMP]) - [2022-08-10T23:55:11]
2022-08-13 00:49:42.001 TRACE 11532 --- [http-nio-5000-exec-2] o.h.t.d.s.BasicExtractor                 : extracted value ([brand_mo5_1_2_] : [VARCHAR]) - [root]
2022-08-13 00:49:42.001 TRACE 11532 --- [http-nio-5000-exec-2] o.h.t.d.s.BasicExtractor                 : extracted value ([brand_na6_1_2_] : [VARCHAR]) - [Samsung]
2022-08-13 00:49:42.001 TRACE 11532 --- [http-nio-5000-exec-2] o.h.t.d.s.BasicExtractor                 : extracted value ([brand_na7_1_2_] : [VARCHAR]) - [삼성]
2022-08-13 00:49:42.001 TRACE 11532 --- [http-nio-5000-exec-2] o.h.t.d.s.BasicExtractor                 : extracted value ([brand_re8_1_2_] : [TIMESTAMP]) - [2022-08-10T23:55:11]
2022-08-13 00:49:42.001 TRACE 11532 --- [http-nio-5000-exec-2] o.h.t.d.s.BasicExtractor                 : extracted value ([brand_re9_1_2_] : [VARCHAR]) - [root]
2022-08-13 00:49:42.003 DEBUG 11532 --- [http-nio-5000-exec-2] o.h.e.i.TwoPhaseLoad                     : Resolving attributes for [backend.sellerB.entity.Product#2]
2022-08-13 00:49:42.004 DEBUG 11532 --- [http-nio-5000-exec-2] o.h.e.i.TwoPhaseLoad                     : Processing attribute `productDelYn` : value = false
2022-08-13 00:49:42.004 DEBUG 11532 --- [http-nio-5000-exec-2] o.h.e.i.TwoPhaseLoad                     : Attribute (`productDelYn`)  - enhanced for lazy-loading? - false
2022-08-13 00:49:42.004 DEBUG 11532 --- [http-nio-5000-exec-2] o.h.e.i.TwoPhaseLoad                     : Processing attribute `productGroup` : value = 1
2022-08-13 00:49:42.004 DEBUG 11532 --- [http-nio-5000-exec-2] o.h.e.i.TwoPhaseLoad                     : Attribute (`productGroup`)  - enhanced for lazy-loading? - false
2022-08-13 00:49:42.004 DEBUG 11532 --- [http-nio-5000-exec-2] o.h.e.i.TwoPhaseLoad                     : Processing attribute `productId` : value = KQ75QB65AFXKR
2022-08-13 00:49:42.004 DEBUG 11532 --- [http-nio-5000-exec-2] o.h.e.i.TwoPhaseLoad                     : Attribute (`productId`)  - enhanced for lazy-loading? - false
2022-08-13 00:49:42.004 DEBUG 11532 --- [http-nio-5000-exec-2] o.h.e.i.TwoPhaseLoad                     : Processing attribute `productManual` : value = 메뉴얼
2022-08-13 00:49:42.004 DEBUG 11532 --- [http-nio-5000-exec-2] o.h.e.i.TwoPhaseLoad                     : Attribute (`productManual`)  - enhanced for lazy-loading? - false
2022-08-13 00:49:42.004 DEBUG 11532 --- [http-nio-5000-exec-2] o.h.e.i.TwoPhaseLoad                     : Processing attribute `productModDate` : value = 2022-08-11T12:03:16
2022-08-13 00:49:42.004 DEBUG 11532 --- [http-nio-5000-exec-2] o.h.e.i.TwoPhaseLoad                     : Attribute (`productModDate`)  - enhanced for lazy-loading? - false
2022-08-13 00:49:42.004 DEBUG 11532 --- [http-nio-5000-exec-2] o.h.e.i.TwoPhaseLoad                     : Processing attribute `productModUser` : value = s_manager
2022-08-13 00:49:42.004 DEBUG 11532 --- [http-nio-5000-exec-2] o.h.e.i.TwoPhaseLoad                     : Attribute (`productModUser`)  - enhanced for lazy-loading? - false
2022-08-13 00:49:42.004 DEBUG 11532 --- [http-nio-5000-exec-2] o.h.e.i.TwoPhaseLoad                     : Processing attribute `productName` : value = 2022 QLED 4K 189 cm 스탠드형

2022-08-13 00:49:42.004 DEBUG 11532 --- [http-nio-5000-exec-2] o.h.e.i.TwoPhaseLoad                     : Attribute (`productName`)  - enhanced for lazy-loading? - false
2022-08-13 00:49:42.004 DEBUG 11532 --- [http-nio-5000-exec-2] o.h.e.i.TwoPhaseLoad                     : Processing attribute `productPrice` : value = 3690000
2022-08-13 00:49:42.005 DEBUG 11532 --- [http-nio-5000-exec-2] o.h.e.i.TwoPhaseLoad                     : Attribute (`productPrice`)  - enhanced for lazy-loading? - false
2022-08-13 00:49:42.005 DEBUG 11532 --- [http-nio-5000-exec-2] o.h.e.i.TwoPhaseLoad                     : Processing attribute `productRegDate` : value = 2022-08-11T12:03:16
2022-08-13 00:49:42.005 DEBUG 11532 --- [http-nio-5000-exec-2] o.h.e.i.TwoPhaseLoad                     : Attribute (`productRegDate`)  - enhanced for lazy-loading? - false
2022-08-13 00:49:42.005 DEBUG 11532 --- [http-nio-5000-exec-2] o.h.e.i.TwoPhaseLoad                     : Processing attribute `productRegUser` : value = s_manager
2022-08-13 00:49:42.005 DEBUG 11532 --- [http-nio-5000-exec-2] o.h.e.i.TwoPhaseLoad                     : Attribute (`productRegUser`)  - enhanced for lazy-loading? - false
2022-08-13 00:49:42.005 DEBUG 11532 --- [http-nio-5000-exec-2] o.h.e.i.TwoPhaseLoad                     : Processing attribute `productThumbnail` : value = https://sellerb.s3.ap-northeast-2.amazonaws.com/product/image.2_1660279246834.png
2022-08-13 00:49:42.005 DEBUG 11532 --- [http-nio-5000-exec-2] o.h.e.i.TwoPhaseLoad                     : Attribute (`productThumbnail`)  - enhanced for lazy-loading? - false
2022-08-13 00:49:42.005 DEBUG 11532 --- [http-nio-5000-exec-2] o.h.e.i.TwoPhaseLoad                     : Done materializing entity [backend.sellerB.entity.Product#2]
2022-08-13 00:49:42.005 DEBUG 11532 --- [http-nio-5000-exec-2] o.h.e.i.TwoPhaseLoad                     : Resolving attributes for [backend.sellerB.entity.ProductGroup#1]
2022-08-13 00:49:42.005 DEBUG 11532 --- [http-nio-5000-exec-2] o.h.e.i.TwoPhaseLoad                     : Processing attribute `brand` : value = 1
2022-08-13 00:49:42.005 DEBUG 11532 --- [http-nio-5000-exec-2] o.h.e.i.TwoPhaseLoad                     : Attribute (`brand`)  - enhanced for lazy-loading? - false
2022-08-13 00:49:42.006 DEBUG 11532 --- [http-nio-5000-exec-2] o.h.e.i.TwoPhaseLoad                     : Processing attribute `productGroupCode` : value = S001
2022-08-13 00:49:42.006 DEBUG 11532 --- [http-nio-5000-exec-2] o.h.e.i.TwoPhaseLoad                     : Attribute (`productGroupCode`)  - enhanced for lazy-loading? - false
2022-08-13 00:49:42.006 DEBUG 11532 --- [http-nio-5000-exec-2] o.h.e.i.TwoPhaseLoad                     : Processing attribute `productGroupDelYn` : value = false
2022-08-13 00:49:42.006 DEBUG 11532 --- [http-nio-5000-exec-2] o.h.e.i.TwoPhaseLoad                     : Attribute (`productGroupDelYn`)  - enhanced for lazy-loading? - false
2022-08-13 00:49:42.006 DEBUG 11532 --- [http-nio-5000-exec-2] o.h.e.i.TwoPhaseLoad                     : Processing attribute `productGroupMod` : value = samsung
2022-08-13 00:49:42.006 DEBUG 11532 --- [http-nio-5000-exec-2] o.h.e.i.TwoPhaseLoad                     : Attribute (`productGroupMod`)  - enhanced for lazy-loading? - false
2022-08-13 00:49:42.006 DEBUG 11532 --- [http-nio-5000-exec-2] o.h.e.i.TwoPhaseLoad                     : Processing attribute `productGroupModDate` : value = 2022-08-11T00:52:23
2022-08-13 00:49:42.006 DEBUG 11532 --- [http-nio-5000-exec-2] o.h.e.i.TwoPhaseLoad                     : Attribute (`productGroupModDate`)  - enhanced for lazy-loading? - false
2022-08-13 00:49:42.006 DEBUG 11532 --- [http-nio-5000-exec-2] o.h.e.i.TwoPhaseLoad                     : Processing attribute `productGroupName` : value = TV
2022-08-13 00:49:42.006 DEBUG 11532 --- [http-nio-5000-exec-2] o.h.e.i.TwoPhaseLoad                     : Attribute (`productGroupName`)  - enhanced for lazy-loading? - false
2022-08-13 00:49:42.006 DEBUG 11532 --- [http-nio-5000-exec-2] o.h.e.i.TwoPhaseLoad                     : Processing attribute `productGroupRegDate` : value = 2022-08-11T00:52:23
2022-08-13 00:49:42.006 DEBUG 11532 --- [http-nio-5000-exec-2] o.h.e.i.TwoPhaseLoad                     : Attribute (`productGroupRegDate`)  - enhanced for lazy-loading? - false
2022-08-13 00:49:42.006 DEBUG 11532 --- [http-nio-5000-exec-2] o.h.e.i.TwoPhaseLoad                     : Processing attribute `productGroupRegUser` : value = samsung
2022-08-13 00:49:42.006 DEBUG 11532 --- [http-nio-5000-exec-2] o.h.e.i.TwoPhaseLoad                     : Attribute (`productGroupRegUser`)  - enhanced for lazy-loading? - false
2022-08-13 00:49:42.006 DEBUG 11532 --- [http-nio-5000-exec-2] o.h.e.i.TwoPhaseLoad                     : Done materializing entity [backend.sellerB.entity.ProductGroup#1]
2022-08-13 00:49:42.006 DEBUG 11532 --- [http-nio-5000-exec-2] o.h.e.i.TwoPhaseLoad                     : Resolving attributes for [backend.sellerB.entity.Brand#1]
2022-08-13 00:49:42.006 DEBUG 11532 --- [http-nio-5000-exec-2] o.h.e.i.TwoPhaseLoad                     : Processing attribute `brandDelYn` : value = false
2022-08-13 00:49:42.006 DEBUG 11532 --- [http-nio-5000-exec-2] o.h.e.i.TwoPhaseLoad                     : Attribute (`brandDelYn`)  - enhanced for lazy-loading? - false
2022-08-13 00:49:42.006 DEBUG 11532 --- [http-nio-5000-exec-2] o.h.e.i.TwoPhaseLoad                     : Processing attribute `brandLogo` : value = 이미지경로
2022-08-13 00:49:42.006 DEBUG 11532 --- [http-nio-5000-exec-2] o.h.e.i.TwoPhaseLoad                     : Attribute (`brandLogo`)  - enhanced for lazy-loading? - false
2022-08-13 00:49:42.006 DEBUG 11532 --- [http-nio-5000-exec-2] o.h.e.i.TwoPhaseLoad                     : Processing attribute `brandModDate` : value = 2022-08-10T23:55:11
2022-08-13 00:49:42.006 DEBUG 11532 --- [http-nio-5000-exec-2] o.h.e.i.TwoPhaseLoad                     : Attribute (`brandModDate`)  - enhanced for lazy-loading? - false
2022-08-13 00:49:42.006 DEBUG 11532 --- [http-nio-5000-exec-2] o.h.e.i.TwoPhaseLoad                     : Processing attribute `brandModUser` : value = root
2022-08-13 00:49:42.006 DEBUG 11532 --- [http-nio-5000-exec-2] o.h.e.i.TwoPhaseLoad                     : Attribute (`brandModUser`)  - enhanced for lazy-loading? - false
2022-08-13 00:49:42.006 DEBUG 11532 --- [http-nio-5000-exec-2] o.h.e.i.TwoPhaseLoad                     : Processing attribute `brandNameEng` : value = Samsung
2022-08-13 00:49:42.006 DEBUG 11532 --- [http-nio-5000-exec-2] o.h.e.i.TwoPhaseLoad                     : Attribute (`brandNameEng`)  - enhanced for lazy-loading? - false
2022-08-13 00:49:42.006 DEBUG 11532 --- [http-nio-5000-exec-2] o.h.e.i.TwoPhaseLoad                     : Processing attribute `brandNameKor` : value = 삼성
2022-08-13 00:49:42.006 DEBUG 11532 --- [http-nio-5000-exec-2] o.h.e.i.TwoPhaseLoad                     : Attribute (`brandNameKor`)  - enhanced for lazy-loading? - false
2022-08-13 00:49:42.006 DEBUG 11532 --- [http-nio-5000-exec-2] o.h.e.i.TwoPhaseLoad                     : Processing attribute `brandRegDate` : value = 2022-08-10T23:55:11
2022-08-13 00:49:42.006 DEBUG 11532 --- [http-nio-5000-exec-2] o.h.e.i.TwoPhaseLoad                     : Attribute (`brandRegDate`)  - enhanced for lazy-loading? - false
2022-08-13 00:49:42.006 DEBUG 11532 --- [http-nio-5000-exec-2] o.h.e.i.TwoPhaseLoad                     : Processing attribute `brandRegUser` : value = root
2022-08-13 00:49:42.006 DEBUG 11532 --- [http-nio-5000-exec-2] o.h.e.i.TwoPhaseLoad                     : Attribute (`brandRegUser`)  - enhanced for lazy-loading? - false
2022-08-13 00:49:42.006 DEBUG 11532 --- [http-nio-5000-exec-2] o.h.e.i.TwoPhaseLoad                     : Processing attribute `productGroups` : value = NOT NULL COLLECTION
2022-08-13 00:49:42.006 DEBUG 11532 --- [http-nio-5000-exec-2] o.h.e.i.TwoPhaseLoad                     : Attribute (`productGroups`)  - enhanced for lazy-loading? - false
2022-08-13 00:49:42.011 DEBUG 11532 --- [http-nio-5000-exec-2] o.h.e.i.TwoPhaseLoad                     : Done materializing entity [backend.sellerB.entity.Brand#1]
2022-08-13 00:49:42.012 DEBUG 11532 --- [http-nio-5000-exec-2] .l.e.p.AbstractLoadPlanBasedEntityLoader : Done entity load : backend.sellerB.entity.Product#2
2022-08-13 00:49:42.012 DEBUG 11532 --- [http-nio-5000-exec-2] o.s.o.j.JpaTransactionManager            : Found thread-bound EntityManager [SessionImpl(89805094<open>)] for JPA transaction
2022-08-13 00:49:42.012 DEBUG 11532 --- [http-nio-5000-exec-2] o.s.o.j.JpaTransactionManager            : Participating in existing transaction
2022-08-13 00:49:42.042 DEBUG 11532 --- [http-nio-5000-exec-2] o.s.d.a.AuditingHandlerSupport           : Touched backend.sellerB.entity.CustomerWaitingPage@ca9f6c13 - Last modification at 2022-08-13T00:49:42.040322900 by 비회원
2022-08-13 00:49:42.048 DEBUG 11532 --- [http-nio-5000-exec-2] o.h.e.s.ActionQueue                      : Executing identity-insert immediately
2022-08-13 00:49:42.053 DEBUG 11532 --- [http-nio-5000-exec-2] o.h.SQL                                  : insert into t_customer_waiting_page (customer_waiting_page_image, customer_waiting_page_ment, customer_waiting_page_mod_date, customer_waiting_page_mod_user, customer_waiting_page_reg_date, customer_waiting_page_reg_user, product_seq) values (?, ?, ?, ?, ?, ?, ?)
2022-08-13 00:49:42.053 TRACE 11532 --- [http-nio-5000-exec-2] o.h.t.d.s.BasicBinder                    : binding parameter [1] as [VARCHAR] - [https://sellerb.s3.ap-northeast-2.amazonaws.com/product/image.1_1660279015671.png]
2022-08-13 00:49:42.053 TRACE 11532 --- [http-nio-5000-exec-2] o.h.t.d.s.BasicBinder                    : binding parameter [2] as [VARCHAR] - [test]
2022-08-13 00:49:42.053 TRACE 11532 --- [http-nio-5000-exec-2] o.h.t.d.s.BasicBinder                    : binding parameter [3] as [TIMESTAMP] - [2022-08-13T00:49:42.040322900]
2022-08-13 00:49:42.053 TRACE 11532 --- [http-nio-5000-exec-2] o.h.t.d.s.BasicBinder                    : binding parameter [4] as [VARCHAR] - [비회원]
2022-08-13 00:49:42.054 TRACE 11532 --- [http-nio-5000-exec-2] o.h.t.d.s.BasicBinder                    : binding parameter [5] as [TIMESTAMP] - [2022-08-13T00:49:42.040322900]
2022-08-13 00:49:42.054 TRACE 11532 --- [http-nio-5000-exec-2] o.h.t.d.s.BasicBinder                    : binding parameter [6] as [VARCHAR] - [비회원]
2022-08-13 00:49:42.054 TRACE 11532 --- [http-nio-5000-exec-2] o.h.t.d.s.BasicBinder                    : binding parameter [7] as [BIGINT] - [2]
2022-08-13 00:49:42.054 DEBUG 11532 --- [http-nio-5000-exec-2] o.m.j.c.i.StandardClient                 : execute query: insert into t_customer_waiting_page (customer_waiting_page_image, customer_waiting_page_ment, customer_waiting_page_mod_date, customer_waiting_page_mod_user, customer_waiting_page_reg_date, customer_waiting_page_reg_user, product_seq) values (?, ?, ?, ?, ?, ?, ?)
2022-08-13 00:49:42.060 DEBUG 11532 --- [http-nio-5000-exec-2] o.h.i.IdentifierGeneratorHelper          : Natively generated identity: 8
2022-08-13 00:49:42.060 DEBUG 11532 --- [http-nio-5000-exec-2] o.h.r.j.i.ResourceRegistryStandardImpl   : HHH000387: ResultSet's statement was not registered
2022-08-13 00:49:42.062 DEBUG 11532 --- [http-nio-5000-exec-2] o.s.o.j.JpaTransactionManager            : Initiating transaction commit
2022-08-13 00:49:42.062 DEBUG 11532 --- [http-nio-5000-exec-2] o.s.o.j.JpaTransactionManager            : Committing JPA transaction on EntityManager [SessionImpl(89805094<open>)]
2022-08-13 00:49:42.062 DEBUG 11532 --- [http-nio-5000-exec-2] o.h.e.t.i.TransactionImpl                : committing
2022-08-13 00:49:42.062 DEBUG 11532 --- [http-nio-5000-exec-2] o.h.e.i.AbstractFlushingEventListener    : Processing flush-time cascades
2022-08-13 00:49:42.063 DEBUG 11532 --- [http-nio-5000-exec-2] o.h.e.i.AbstractFlushingEventListener    : Dirty checking collections
2022-08-13 00:49:42.067 DEBUG 11532 --- [http-nio-5000-exec-2] o.h.e.i.Collections                      : Collection found: [backend.sellerB.entity.Brand.productGroups#1], was: [backend.sellerB.entity.Brand.productGroups#1] (uninitialized)
2022-08-13 00:49:42.068 DEBUG 11532 --- [http-nio-5000-exec-2] o.h.e.i.AbstractFlushingEventListener    : Flushed: 0 insertions, 0 updates, 0 deletions to 4 objects
2022-08-13 00:49:42.068 DEBUG 11532 --- [http-nio-5000-exec-2] o.h.e.i.AbstractFlushingEventListener    : Flushed: 0 (re)creations, 0 updates, 0 removals to 1 collections
2022-08-13 00:49:42.069 DEBUG 11532 --- [http-nio-5000-exec-2] o.h.i.u.EntityPrinter                    : Listing entities:
2022-08-13 00:49:42.070 DEBUG 11532 --- [http-nio-5000-exec-2] o.h.i.u.EntityPrinter                    : backend.sellerB.entity.Product{productManual=메뉴얼, productRegDate=2022-08-11T12:03:16, productDelYn=false, productId=KQ75QB65AFXKR, productGroup=backend.sellerB.entity.ProductGroup#1, productThumbnail=https://sellerb.s3.ap-northeast-2.amazonaws.com/product/image.2_1660279246834.png, productModDate=2022-08-11T12:03:16, productRegUser=s_manager, productSeq=2, productModUser=s_manager, productName=2022 QLED 4K 189 cm 스탠드형
, productPrice=3690000}
2022-08-13 00:49:42.070 DEBUG 11532 --- [http-nio-5000-exec-2] o.h.i.u.EntityPrinter                    : backend.sellerB.entity.CustomerWaitingPage{customerWaitingPageMent=test, customerWaitingPageModUser=비회원, customerWaitingPageSeq=8, product=backend.sellerB.entity.Product#2, customerWaitingPageModDate=2022-08-13T00:49:42.040322900, customerWaitingPageRegUser=비회원, customerWaitingPageDelYn=null, customerWaitingPageImage=https://sellerb.s3.ap-northeast-2.amazonaws.com/product/image.1_1660279015671.png, customerWaitingPageRegDate=2022-08-13T00:49:42.040322900}
2022-08-13 00:49:42.070 DEBUG 11532 --- [http-nio-5000-exec-2] o.h.i.u.EntityPrinter                    : backend.sellerB.entity.Brand{brandDelYn=false, brandSeq=1, brandRegDate=2022-08-10T23:55:11, brandNameEng=Samsung, brandNameKor=삼성, brandModUser=root, productGroups=<uninitialized>, brandModDate=2022-08-10T23:55:11, brandLogo=이미지경로, brandRegUser=root}
2022-08-13 00:49:42.070 DEBUG 11532 --- [http-nio-5000-exec-2] o.h.i.u.EntityPrinter                    : backend.sellerB.entity.ProductGroup{productGroupRegDate=2022-08-11T00:52:23, productGroupSeq=1, productGroupDelYn=false, productGroupCode=S001, productGroupRegUser=samsung, productGroupModDate=2022-08-11T00:52:23, productGroupName=TV, productGroupMod=samsung, brand=backend.sellerB.entity.Brand#1}
2022-08-13 00:49:42.071 DEBUG 11532 --- [http-nio-5000-exec-2] o.m.j.c.i.StandardClient                 : execute query: COMMIT
2022-08-13 00:49:42.077 DEBUG 11532 --- [http-nio-5000-exec-2] o.m.j.c.i.StandardClient                 : execute query: set autocommit=1
2022-08-13 00:49:42.086 DEBUG 11532 --- [http-nio-5000-exec-2] o.m.j.m.s.OkPacket                       : System variable change:  autocommit = ON
2022-08-13 00:49:42.086 DEBUG 11532 --- [http-nio-5000-exec-2] o.s.o.j.JpaTransactionManager            : Not closing pre-bound JPA EntityManager after transaction
2022-08-13 00:49:42.099 DEBUG 11532 --- [http-nio-5000-exec-2] o.s.w.s.m.m.a.HttpEntityMethodProcessor  : Using 'application/json', given [*/*] and supported [application/json, application/*+json, application/json, application/*+json, application/cbor]
2022-08-13 00:49:42.100 DEBUG 11532 --- [http-nio-5000-exec-2] o.s.w.s.m.m.a.HttpEntityMethodProcessor  : Writing [CustomerWaitingPageDto(product=backend.sellerB.entity.Product@245350d, customerWaitingPageMent=test, (truncated)...]
2022-08-13 00:49:42.112 DEBUG 11532 --- [http-nio-5000-exec-2] o.j.s.OpenEntityManagerInViewInterceptor : Closing JPA EntityManager in OpenEntityManagerInViewInterceptor
2022-08-13 00:49:42.112 DEBUG 11532 --- [http-nio-5000-exec-2] o.s.w.s.DispatcherServlet                : Completed 200 OK
2022-08-13 00:49:42.113 DEBUG 11532 --- [http-nio-5000-exec-2] s.s.w.c.SecurityContextPersistenceFilter : Cleared SecurityContextHolder to complete request
2022-08-13 00:49:50.807 DEBUG 11532 --- [http-nio-5000-exec-3] o.s.s.w.FilterChainProxy                 : Securing POST /waiting-page
2022-08-13 00:49:50.807 DEBUG 11532 --- [http-nio-5000-exec-3] s.s.w.c.SecurityContextPersistenceFilter : Set SecurityContextHolder to empty SecurityContext
2022-08-13 00:49:50.807 DEBUG 11532 --- [http-nio-5000-exec-3] b.s.j.JwtFilter                          : doFilter 들어옴
2022-08-13 00:49:50.808 DEBUG 11532 --- [http-nio-5000-exec-3] b.s.j.JwtFilter                          : 유효한 JWT 토큰이 없습니다, uri: /api/waiting-page
2022-08-13 00:49:50.808 DEBUG 11532 --- [http-nio-5000-exec-3] o.s.s.w.a.AnonymousAuthenticationFilter  : Set SecurityContextHolder to anonymous SecurityContext
2022-08-13 00:49:50.808 DEBUG 11532 --- [http-nio-5000-exec-3] o.s.s.w.a.i.FilterSecurityInterceptor    : Authorized filter invocation [POST /waiting-page] with attributes [permitAll]
2022-08-13 00:49:50.808 DEBUG 11532 --- [http-nio-5000-exec-3] o.s.s.w.FilterChainProxy                 : Secured POST /waiting-page
2022-08-13 00:49:50.809 DEBUG 11532 --- [http-nio-5000-exec-3] o.s.w.s.DispatcherServlet                : POST "/api/waiting-page", parameters={}
2022-08-13 00:49:50.809 DEBUG 11532 --- [http-nio-5000-exec-3] s.w.s.m.m.a.RequestMappingHandlerMapping : Mapped to backend.sellerB.controller.CustomerWaitingPageController#saveCustomerWaitingPage(RegisterCustomerWaitingPageDto)
2022-08-13 00:49:50.810 DEBUG 11532 --- [http-nio-5000-exec-3] o.j.s.OpenEntityManagerInViewInterceptor : Opening JPA EntityManager in OpenEntityManagerInViewInterceptor
2022-08-13 00:49:50.811 DEBUG 11532 --- [http-nio-5000-exec-3] m.m.a.RequestResponseBodyMethodProcessor : Read "application/json;charset=UTF-8" to [RegisterCustomerWaitingPageDto(productSeq=2, customerWaitingPageMent=test, customerWaitingPageImageU (truncated)...]
2022-08-13 00:49:50.812 DEBUG 11532 --- [http-nio-5000-exec-3] o.s.o.j.JpaTransactionManager            : Found thread-bound EntityManager [SessionImpl(1928434209<open>)] for JPA transaction
2022-08-13 00:49:50.812 DEBUG 11532 --- [http-nio-5000-exec-3] o.s.o.j.JpaTransactionManager            : Creating new transaction with name [backend.sellerB.service.CustomerWaitingPageService.create]: PROPAGATION_REQUIRED,ISOLATION_DEFAULT
2022-08-13 00:49:50.812 DEBUG 11532 --- [http-nio-5000-exec-3] o.h.e.t.i.TransactionImpl                : On TransactionImpl creation, JpaCompliance#isJpaTransactionComplianceEnabled == false
2022-08-13 00:49:50.812 DEBUG 11532 --- [http-nio-5000-exec-3] o.h.e.t.i.TransactionImpl                : begin
2022-08-13 00:49:50.822 DEBUG 11532 --- [http-nio-5000-exec-3] o.m.j.c.i.StandardClient                 : execute query: set autocommit=0
2022-08-13 00:49:50.827 DEBUG 11532 --- [http-nio-5000-exec-3] o.m.j.m.s.OkPacket                       : System variable change:  autocommit = OFF
2022-08-13 00:49:50.827 DEBUG 11532 --- [http-nio-5000-exec-3] o.s.o.j.JpaTransactionManager            : Exposing JPA transaction as JDBC [org.springframework.orm.jpa.vendor.HibernateJpaDialect$HibernateConnectionHandle@7c36720f]
2022-08-13 00:49:50.828 DEBUG 11532 --- [http-nio-5000-exec-3] o.h.q.c.i.CriteriaQueryImpl              : Rendered criteria query -> select generatedAlias0 from CustomerWaitingPage as generatedAlias0 left join generatedAlias0.product as generatedAlias1 where generatedAlias1.productSeq=:param0
2022-08-13 00:49:50.828 DEBUG 11532 --- [http-nio-5000-exec-3] o.h.SQL                                  : select customerwa0_.customer_waiting_page_seq as customer1_6_, customerwa0_.customer_waiting_page_del_yn as customer2_6_, customerwa0_.customer_waiting_page_image as customer3_6_, customerwa0_.customer_waiting_page_ment as customer4_6_, customerwa0_.customer_waiting_page_mod_date as customer5_6_, customerwa0_.customer_waiting_page_mod_user as customer6_6_, customerwa0_.customer_waiting_page_reg_date as customer7_6_, customerwa0_.customer_waiting_page_reg_user as customer8_6_, customerwa0_.product_seq as product_9_6_ from t_customer_waiting_page customerwa0_ left outer join t_product product1_ on customerwa0_.product_seq=product1_.product_seq where ( customerwa0_.customer_waiting_page_del_yn=0) and product1_.product_seq=?
2022-08-13 00:49:50.828 TRACE 11532 --- [http-nio-5000-exec-3] o.h.t.d.s.BasicBinder                    : binding parameter [1] as [BIGINT] - [2]
2022-08-13 00:49:50.828 DEBUG 11532 --- [http-nio-5000-exec-3] o.m.j.c.i.StandardClient                 : execute query: select customerwa0_.customer_waiting_page_seq as customer1_6_, customerwa0_.customer_waiting_page_del_yn as customer2_6_, customerwa0_.customer_waiting_page_image as customer3_6_, customerwa0_.customer_waiting_page_ment as customer4_6_, customerwa0_.customer_waiting_page_mod_date as customer5_6_, customerwa0_.customer_waiting_page_mod_user as customer6_6_, customerwa0_.customer_waiting_page_reg_date as customer7_6_, customerwa0_.customer_waiting_page_reg_user as customer8_6_, customerwa0_.product_seq as product_9_6_ from t_customer_waiting_page customerwa0_ left outer join t_product product1_ on customerwa0_.product_seq=product1_.product_seq where ( customerwa0_.customer_waiting_page_del_yn=0) and product1_.product_seq=?
2022-08-13 00:49:50.835 DEBUG 11532 --- [http-nio-5000-exec-3] o.h.l.Loader                             : Result set row: 0
2022-08-13 00:49:50.835 TRACE 11532 --- [http-nio-5000-exec-3] o.h.t.d.s.BasicExtractor                 : extracted value ([customer1_6_] : [BIGINT]) - [8]
2022-08-13 00:49:50.835 DEBUG 11532 --- [http-nio-5000-exec-3] o.h.l.Loader                             : Result row: EntityKey[backend.sellerB.entity.CustomerWaitingPage#8]
2022-08-13 00:49:50.835 TRACE 11532 --- [http-nio-5000-exec-3] o.h.t.d.s.BasicExtractor                 : extracted value ([customer2_6_] : [BOOLEAN]) - [false]
2022-08-13 00:49:50.835 TRACE 11532 --- [http-nio-5000-exec-3] o.h.t.d.s.BasicExtractor                 : extracted value ([customer3_6_] : [VARCHAR]) - [https://sellerb.s3.ap-northeast-2.amazonaws.com/product/image.1_1660279015671.png]
2022-08-13 00:49:50.835 TRACE 11532 --- [http-nio-5000-exec-3] o.h.t.d.s.BasicExtractor                 : extracted value ([customer4_6_] : [VARCHAR]) - [test]
2022-08-13 00:49:50.835 TRACE 11532 --- [http-nio-5000-exec-3] o.h.t.d.s.BasicExtractor                 : extracted value ([customer5_6_] : [TIMESTAMP]) - [2022-08-13T00:49:42]
2022-08-13 00:49:50.836 TRACE 11532 --- [http-nio-5000-exec-3] o.h.t.d.s.BasicExtractor                 : extracted value ([customer6_6_] : [VARCHAR]) - [비회원]
2022-08-13 00:49:50.836 TRACE 11532 --- [http-nio-5000-exec-3] o.h.t.d.s.BasicExtractor                 : extracted value ([customer7_6_] : [TIMESTAMP]) - [2022-08-13T00:49:42]
2022-08-13 00:49:50.836 TRACE 11532 --- [http-nio-5000-exec-3] o.h.t.d.s.BasicExtractor                 : extracted value ([customer8_6_] : [VARCHAR]) - [비회원]
2022-08-13 00:49:50.836 TRACE 11532 --- [http-nio-5000-exec-3] o.h.t.d.s.BasicExtractor                 : extracted value ([product_9_6_] : [BIGINT]) - [2]
2022-08-13 00:49:50.836 DEBUG 11532 --- [http-nio-5000-exec-3] o.h.e.i.TwoPhaseLoad                     : Resolving attributes for [backend.sellerB.entity.CustomerWaitingPage#8]
2022-08-13 00:49:50.836 DEBUG 11532 --- [http-nio-5000-exec-3] o.h.e.i.TwoPhaseLoad                     : Processing attribute `customerWaitingPageDelYn` : value = false
2022-08-13 00:49:50.836 DEBUG 11532 --- [http-nio-5000-exec-3] o.h.e.i.TwoPhaseLoad                     : Attribute (`customerWaitingPageDelYn`)  - enhanced for lazy-loading? - false
2022-08-13 00:49:50.836 DEBUG 11532 --- [http-nio-5000-exec-3] o.h.e.i.TwoPhaseLoad                     : Processing attribute `customerWaitingPageImage` : value = https://sellerb.s3.ap-northeast-2.amazonaws.com/product/image.1_1660279015671.png
2022-08-13 00:49:50.836 DEBUG 11532 --- [http-nio-5000-exec-3] o.h.e.i.TwoPhaseLoad                     : Attribute (`customerWaitingPageImage`)  - enhanced for lazy-loading? - false
2022-08-13 00:49:50.836 DEBUG 11532 --- [http-nio-5000-exec-3] o.h.e.i.TwoPhaseLoad                     : Processing attribute `customerWaitingPageMent` : value = test
2022-08-13 00:49:50.836 DEBUG 11532 --- [http-nio-5000-exec-3] o.h.e.i.TwoPhaseLoad                     : Attribute (`customerWaitingPageMent`)  - enhanced for lazy-loading? - false
2022-08-13 00:49:50.836 DEBUG 11532 --- [http-nio-5000-exec-3] o.h.e.i.TwoPhaseLoad                     : Processing attribute `customerWaitingPageModDate` : value = 2022-08-13T00:49:42
2022-08-13 00:49:50.836 DEBUG 11532 --- [http-nio-5000-exec-3] o.h.e.i.TwoPhaseLoad                     : Attribute (`customerWaitingPageModDate`)  - enhanced for lazy-loading? - false
2022-08-13 00:49:50.836 DEBUG 11532 --- [http-nio-5000-exec-3] o.h.e.i.TwoPhaseLoad                     : Processing attribute `customerWaitingPageModUser` : value = 비회원
2022-08-13 00:49:50.836 DEBUG 11532 --- [http-nio-5000-exec-3] o.h.e.i.TwoPhaseLoad                     : Attribute (`customerWaitingPageModUser`)  - enhanced for lazy-loading? - false
2022-08-13 00:49:50.836 DEBUG 11532 --- [http-nio-5000-exec-3] o.h.e.i.TwoPhaseLoad                     : Processing attribute `customerWaitingPageRegDate` : value = 2022-08-13T00:49:42
2022-08-13 00:49:50.836 DEBUG 11532 --- [http-nio-5000-exec-3] o.h.e.i.TwoPhaseLoad                     : Attribute (`customerWaitingPageRegDate`)  - enhanced for lazy-loading? - false
2022-08-13 00:49:50.836 DEBUG 11532 --- [http-nio-5000-exec-3] o.h.e.i.TwoPhaseLoad                     : Processing attribute `customerWaitingPageRegUser` : value = 비회원
2022-08-13 00:49:50.836 DEBUG 11532 --- [http-nio-5000-exec-3] o.h.e.i.TwoPhaseLoad                     : Attribute (`customerWaitingPageRegUser`)  - enhanced for lazy-loading? - false
2022-08-13 00:49:50.836 DEBUG 11532 --- [http-nio-5000-exec-3] o.h.e.i.TwoPhaseLoad                     : Processing attribute `product` : value = 2
2022-08-13 00:49:50.836 DEBUG 11532 --- [http-nio-5000-exec-3] o.h.e.i.TwoPhaseLoad                     : Attribute (`product`)  - enhanced for lazy-loading? - false
2022-08-13 00:49:50.836 DEBUG 11532 --- [http-nio-5000-exec-3] o.h.SQL                                  : select product0_.product_seq as product_1_12_0_, product0_.product_del_yn as product_2_12_0_, product0_.product_group_seq as product12_12_0_, product0_.product_id as product_3_12_0_, product0_.product_manual as product_4_12_0_, product0_.product_mod_date as product_5_12_0_, product0_.product_mod_user as product_6_12_0_, product0_.product_name as product_7_12_0_, product0_.product_price as product_8_12_0_, product0_.product_reg_date as product_9_12_0_, product0_.product_reg_user as product10_12_0_, product0_.product_thumbnail as product11_12_0_, productgro1_.product_group_seq as product_1_13_1_, productgro1_.brand_seq as brand_se9_13_1_, productgro1_.product_group_code as product_2_13_1_, productgro1_.product_group_del_yn as product_3_13_1_, productgro1_.product_group_mod as product_4_13_1_, productgro1_.product_group_mod_date as product_5_13_1_, productgro1_.product_group_name as product_6_13_1_, productgro1_.product_group_reg_date as product_7_13_1_, productgro1_.product_group_reg_user as product_8_13_1_, brand2_.brand_seq as brand_se1_1_2_, brand2_.brand_del_yn as brand_de2_1_2_, brand2_.brand_logo as brand_lo3_1_2_, brand2_.brand_mod_date as brand_mo4_1_2_, brand2_.brand_mod_user as brand_mo5_1_2_, brand2_.brand_name_eng as brand_na6_1_2_, brand2_.brand_name_kor as brand_na7_1_2_, brand2_.brand_reg_date as brand_re8_1_2_, brand2_.brand_reg_user as brand_re9_1_2_ from t_product product0_ left outer join t_product_group productgro1_ on product0_.product_group_seq=productgro1_.product_group_seq left outer join t_brand brand2_ on productgro1_.brand_seq=brand2_.brand_seq where product0_.product_seq=? and ( product0_.product_del_yn=0)
2022-08-13 00:49:50.836 TRACE 11532 --- [http-nio-5000-exec-3] o.h.t.d.s.BasicBinder                    : binding parameter [1] as [BIGINT] - [2]
2022-08-13 00:49:50.836 DEBUG 11532 --- [http-nio-5000-exec-3] o.m.j.c.i.StandardClient                 : execute query: select product0_.product_seq as product_1_12_0_, product0_.product_del_yn as product_2_12_0_, product0_.product_group_seq as product12_12_0_, product0_.product_id as product_3_12_0_, product0_.product_manual as product_4_12_0_, product0_.product_mod_date as product_5_12_0_, product0_.product_mod_user as product_6_12_0_, product0_.product_name as product_7_12_0_, product0_.product_price as product_8_12_0_, product0_.product_reg_date as product_9_12_0_, product0_.product_reg_user as product10_12_0_, product0_.product_thumbnail as product11_12_0_, productgro1_.product_group_seq as product_1_13_1_, productgro1_.brand_seq as brand_se9_13_1_, productgro1_.product_group_code as product_2_13_1_, productgro1_.product_group_del_yn as product_3_13_1_, productgro1_.product_group_mod as product_4_13_1_, productgro1_.product_group_mod_date as product_5_13_1_, productgro1_.product_group_name as product_6_13_1_, productgro1_.product_group_reg_date as product_7_13_1_, productgro1_.product_group_reg_user as product_8_13_1_, brand2_.brand_seq as brand_se1_1_2_, brand2_.brand_del_yn as brand_de2_1_2_, brand2_.brand_logo as brand_lo3_1_2_, brand2_.brand_mod_date as brand_mo4_1_2_, brand2_.brand_mod_user as brand_mo5_1_2_, brand2_.brand_name_eng as brand_na6_1_2_, brand2_.brand_name_kor as brand_na7_1_2_, brand2_.brand_reg_date as brand_re8_1_2_, brand2_.brand_reg_user as brand_re9_1_2_ from t_product product0_ left outer join t_product_group productgro1_ on product0_.product_group_seq=productgro1_.product_group_seq left outer join t_brand brand2_ on productgro1_.brand_seq=brand2_.brand_seq where product0_.product_seq=? and ( product0_.product_del_yn=0)
2022-08-13 00:49:50.885 TRACE 11532 --- [http-nio-5000-exec-3] o.h.t.d.s.BasicExtractor                 : extracted value ([product_1_13_1_] : [BIGINT]) - [1]
2022-08-13 00:49:50.885 TRACE 11532 --- [http-nio-5000-exec-3] o.h.t.d.s.BasicExtractor                 : extracted value ([brand_se1_1_2_] : [BIGINT]) - [1]
2022-08-13 00:49:50.885 DEBUG 11532 --- [http-nio-5000-exec-3] l.p.e.p.i.EntityReferenceInitializerImpl : On call to EntityIdentifierReaderImpl#resolve, EntityKey was already known; should only happen on root returns with an optional identifier specified
2022-08-13 00:49:50.885 TRACE 11532 --- [http-nio-5000-exec-3] o.h.t.d.s.BasicExtractor                 : extracted value ([product_2_12_0_] : [BOOLEAN]) - [false]
2022-08-13 00:49:50.885 TRACE 11532 --- [http-nio-5000-exec-3] o.h.t.d.s.BasicExtractor                 : extracted value ([product12_12_0_] : [BIGINT]) - [1]
2022-08-13 00:49:50.885 TRACE 11532 --- [http-nio-5000-exec-3] o.h.t.d.s.BasicExtractor                 : extracted value ([product_3_12_0_] : [VARCHAR]) - [KQ75QB65AFXKR]
2022-08-13 00:49:50.885 TRACE 11532 --- [http-nio-5000-exec-3] o.h.t.d.s.BasicExtractor                 : extracted value ([product_4_12_0_] : [VARCHAR]) - [메뉴얼]
2022-08-13 00:49:50.885 TRACE 11532 --- [http-nio-5000-exec-3] o.h.t.d.s.BasicExtractor                 : extracted value ([product_5_12_0_] : [TIMESTAMP]) - [2022-08-11T12:03:16]
2022-08-13 00:49:50.885 TRACE 11532 --- [http-nio-5000-exec-3] o.h.t.d.s.BasicExtractor                 : extracted value ([product_6_12_0_] : [VARCHAR]) - [s_manager]
2022-08-13 00:49:50.885 TRACE 11532 --- [http-nio-5000-exec-3] o.h.t.d.s.BasicExtractor                 : extracted value ([product_7_12_0_] : [VARCHAR]) - [2022 QLED 4K 189 cm 스탠드형
]
2022-08-13 00:49:50.885 TRACE 11532 --- [http-nio-5000-exec-3] o.h.t.d.s.BasicExtractor                 : extracted value ([product_8_12_0_] : [INTEGER]) - [3690000]
2022-08-13 00:49:50.886 TRACE 11532 --- [http-nio-5000-exec-3] o.h.t.d.s.BasicExtractor                 : extracted value ([product_9_12_0_] : [TIMESTAMP]) - [2022-08-11T12:03:16]
2022-08-13 00:49:50.886 TRACE 11532 --- [http-nio-5000-exec-3] o.h.t.d.s.BasicExtractor                 : extracted value ([product10_12_0_] : [VARCHAR]) - [s_manager]
2022-08-13 00:49:50.886 TRACE 11532 --- [http-nio-5000-exec-3] o.h.t.d.s.BasicExtractor                 : extracted value ([product11_12_0_] : [VARCHAR]) - [https://sellerb.s3.ap-northeast-2.amazonaws.com/product/image.2_1660279246834.png]
2022-08-13 00:49:50.886 TRACE 11532 --- [http-nio-5000-exec-3] o.h.t.d.s.BasicExtractor                 : extracted value ([brand_se9_13_1_] : [BIGINT]) - [1]
2022-08-13 00:49:50.886 TRACE 11532 --- [http-nio-5000-exec-3] o.h.t.d.s.BasicExtractor                 : extracted value ([product_2_13_1_] : [VARCHAR]) - [S001]
2022-08-13 00:49:50.886 TRACE 11532 --- [http-nio-5000-exec-3] o.h.t.d.s.BasicExtractor                 : extracted value ([product_3_13_1_] : [BOOLEAN]) - [false]
2022-08-13 00:49:50.886 TRACE 11532 --- [http-nio-5000-exec-3] o.h.t.d.s.BasicExtractor                 : extracted value ([product_4_13_1_] : [VARCHAR]) - [samsung]
2022-08-13 00:49:50.886 TRACE 11532 --- [http-nio-5000-exec-3] o.h.t.d.s.BasicExtractor                 : extracted value ([product_5_13_1_] : [TIMESTAMP]) - [2022-08-11T00:52:23]
2022-08-13 00:49:50.886 TRACE 11532 --- [http-nio-5000-exec-3] o.h.t.d.s.BasicExtractor                 : extracted value ([product_6_13_1_] : [VARCHAR]) - [TV]
2022-08-13 00:49:50.886 TRACE 11532 --- [http-nio-5000-exec-3] o.h.t.d.s.BasicExtractor                 : extracted value ([product_7_13_1_] : [TIMESTAMP]) - [2022-08-11T00:52:23]
2022-08-13 00:49:50.886 TRACE 11532 --- [http-nio-5000-exec-3] o.h.t.d.s.BasicExtractor                 : extracted value ([product_8_13_1_] : [VARCHAR]) - [samsung]
2022-08-13 00:49:50.886 TRACE 11532 --- [http-nio-5000-exec-3] o.h.t.d.s.BasicExtractor                 : extracted value ([brand_de2_1_2_] : [BOOLEAN]) - [false]
2022-08-13 00:49:50.886 TRACE 11532 --- [http-nio-5000-exec-3] o.h.t.d.s.BasicExtractor                 : extracted value ([brand_lo3_1_2_] : [VARCHAR]) - [이미지경로]
2022-08-13 00:49:50.886 TRACE 11532 --- [http-nio-5000-exec-3] o.h.t.d.s.BasicExtractor                 : extracted value ([brand_mo4_1_2_] : [TIMESTAMP]) - [2022-08-10T23:55:11]
2022-08-13 00:49:50.886 TRACE 11532 --- [http-nio-5000-exec-3] o.h.t.d.s.BasicExtractor                 : extracted value ([brand_mo5_1_2_] : [VARCHAR]) - [root]
2022-08-13 00:49:50.886 TRACE 11532 --- [http-nio-5000-exec-3] o.h.t.d.s.BasicExtractor                 : extracted value ([brand_na6_1_2_] : [VARCHAR]) - [Samsung]
2022-08-13 00:49:50.886 TRACE 11532 --- [http-nio-5000-exec-3] o.h.t.d.s.BasicExtractor                 : extracted value ([brand_na7_1_2_] : [VARCHAR]) - [삼성]
2022-08-13 00:49:50.886 TRACE 11532 --- [http-nio-5000-exec-3] o.h.t.d.s.BasicExtractor                 : extracted value ([brand_re8_1_2_] : [TIMESTAMP]) - [2022-08-10T23:55:11]
2022-08-13 00:49:50.887 TRACE 11532 --- [http-nio-5000-exec-3] o.h.t.d.s.BasicExtractor                 : extracted value ([brand_re9_1_2_] : [VARCHAR]) - [root]
2022-08-13 00:49:50.887 DEBUG 11532 --- [http-nio-5000-exec-3] o.h.e.i.TwoPhaseLoad                     : Resolving attributes for [backend.sellerB.entity.Product#2]
2022-08-13 00:49:50.887 DEBUG 11532 --- [http-nio-5000-exec-3] o.h.e.i.TwoPhaseLoad                     : Processing attribute `productDelYn` : value = false
2022-08-13 00:49:50.887 DEBUG 11532 --- [http-nio-5000-exec-3] o.h.e.i.TwoPhaseLoad                     : Attribute (`productDelYn`)  - enhanced for lazy-loading? - false
2022-08-13 00:49:50.887 DEBUG 11532 --- [http-nio-5000-exec-3] o.h.e.i.TwoPhaseLoad                     : Processing attribute `productGroup` : value = 1
2022-08-13 00:49:50.887 DEBUG 11532 --- [http-nio-5000-exec-3] o.h.e.i.TwoPhaseLoad                     : Attribute (`productGroup`)  - enhanced for lazy-loading? - false
2022-08-13 00:49:50.887 DEBUG 11532 --- [http-nio-5000-exec-3] o.h.e.i.TwoPhaseLoad                     : Processing attribute `productId` : value = KQ75QB65AFXKR
2022-08-13 00:49:50.887 DEBUG 11532 --- [http-nio-5000-exec-3] o.h.e.i.TwoPhaseLoad                     : Attribute (`productId`)  - enhanced for lazy-loading? - false
2022-08-13 00:49:50.887 DEBUG 11532 --- [http-nio-5000-exec-3] o.h.e.i.TwoPhaseLoad                     : Processing attribute `productManual` : value = 메뉴얼
2022-08-13 00:49:50.887 DEBUG 11532 --- [http-nio-5000-exec-3] o.h.e.i.TwoPhaseLoad                     : Attribute (`productManual`)  - enhanced for lazy-loading? - false
2022-08-13 00:49:50.887 DEBUG 11532 --- [http-nio-5000-exec-3] o.h.e.i.TwoPhaseLoad                     : Processing attribute `productModDate` : value = 2022-08-11T12:03:16
2022-08-13 00:49:50.887 DEBUG 11532 --- [http-nio-5000-exec-3] o.h.e.i.TwoPhaseLoad                     : Attribute (`productModDate`)  - enhanced for lazy-loading? - false
2022-08-13 00:49:50.887 DEBUG 11532 --- [http-nio-5000-exec-3] o.h.e.i.TwoPhaseLoad                     : Processing attribute `productModUser` : value = s_manager
2022-08-13 00:49:50.887 DEBUG 11532 --- [http-nio-5000-exec-3] o.h.e.i.TwoPhaseLoad                     : Attribute (`productModUser`)  - enhanced for lazy-loading? - false
2022-08-13 00:49:50.887 DEBUG 11532 --- [http-nio-5000-exec-3] o.h.e.i.TwoPhaseLoad                     : Processing attribute `productName` : value = 2022 QLED 4K 189 cm 스탠드형

2022-08-13 00:49:50.887 DEBUG 11532 --- [http-nio-5000-exec-3] o.h.e.i.TwoPhaseLoad                     : Attribute (`productName`)  - enhanced for lazy-loading? - false
2022-08-13 00:49:50.887 DEBUG 11532 --- [http-nio-5000-exec-3] o.h.e.i.TwoPhaseLoad                     : Processing attribute `productPrice` : value = 3690000
2022-08-13 00:49:50.887 DEBUG 11532 --- [http-nio-5000-exec-3] o.h.e.i.TwoPhaseLoad                     : Attribute (`productPrice`)  - enhanced for lazy-loading? - false
2022-08-13 00:49:50.887 DEBUG 11532 --- [http-nio-5000-exec-3] o.h.e.i.TwoPhaseLoad                     : Processing attribute `productRegDate` : value = 2022-08-11T12:03:16
2022-08-13 00:49:50.887 DEBUG 11532 --- [http-nio-5000-exec-3] o.h.e.i.TwoPhaseLoad                     : Attribute (`productRegDate`)  - enhanced for lazy-loading? - false
2022-08-13 00:49:50.887 DEBUG 11532 --- [http-nio-5000-exec-3] o.h.e.i.TwoPhaseLoad                     : Processing attribute `productRegUser` : value = s_manager
2022-08-13 00:49:50.887 DEBUG 11532 --- [http-nio-5000-exec-3] o.h.e.i.TwoPhaseLoad                     : Attribute (`productRegUser`)  - enhanced for lazy-loading? - false
2022-08-13 00:49:50.887 DEBUG 11532 --- [http-nio-5000-exec-3] o.h.e.i.TwoPhaseLoad                     : Processing attribute `productThumbnail` : value = https://sellerb.s3.ap-northeast-2.amazonaws.com/product/image.2_1660279246834.png
2022-08-13 00:49:50.887 DEBUG 11532 --- [http-nio-5000-exec-3] o.h.e.i.TwoPhaseLoad                     : Attribute (`productThumbnail`)  - enhanced for lazy-loading? - false
2022-08-13 00:49:50.887 DEBUG 11532 --- [http-nio-5000-exec-3] o.h.e.i.TwoPhaseLoad                     : Done materializing entity [backend.sellerB.entity.Product#2]
2022-08-13 00:49:50.887 DEBUG 11532 --- [http-nio-5000-exec-3] o.h.e.i.TwoPhaseLoad                     : Resolving attributes for [backend.sellerB.entity.ProductGroup#1]
2022-08-13 00:49:50.887 DEBUG 11532 --- [http-nio-5000-exec-3] o.h.e.i.TwoPhaseLoad                     : Processing attribute `brand` : value = 1
2022-08-13 00:49:50.887 DEBUG 11532 --- [http-nio-5000-exec-3] o.h.e.i.TwoPhaseLoad                     : Attribute (`brand`)  - enhanced for lazy-loading? - false
2022-08-13 00:49:50.887 DEBUG 11532 --- [http-nio-5000-exec-3] o.h.e.i.TwoPhaseLoad                     : Processing attribute `productGroupCode` : value = S001
2022-08-13 00:49:50.887 DEBUG 11532 --- [http-nio-5000-exec-3] o.h.e.i.TwoPhaseLoad                     : Attribute (`productGroupCode`)  - enhanced for lazy-loading? - false
2022-08-13 00:49:50.887 DEBUG 11532 --- [http-nio-5000-exec-3] o.h.e.i.TwoPhaseLoad                     : Processing attribute `productGroupDelYn` : value = false
2022-08-13 00:49:50.887 DEBUG 11532 --- [http-nio-5000-exec-3] o.h.e.i.TwoPhaseLoad                     : Attribute (`productGroupDelYn`)  - enhanced for lazy-loading? - false
2022-08-13 00:49:50.887 DEBUG 11532 --- [http-nio-5000-exec-3] o.h.e.i.TwoPhaseLoad                     : Processing attribute `productGroupMod` : value = samsung
2022-08-13 00:49:50.887 DEBUG 11532 --- [http-nio-5000-exec-3] o.h.e.i.TwoPhaseLoad                     : Attribute (`productGroupMod`)  - enhanced for lazy-loading? - false
2022-08-13 00:49:50.887 DEBUG 11532 --- [http-nio-5000-exec-3] o.h.e.i.TwoPhaseLoad                     : Processing attribute `productGroupModDate` : value = 2022-08-11T00:52:23
2022-08-13 00:49:50.887 DEBUG 11532 --- [http-nio-5000-exec-3] o.h.e.i.TwoPhaseLoad                     : Attribute (`productGroupModDate`)  - enhanced for lazy-loading? - false
2022-08-13 00:49:50.887 DEBUG 11532 --- [http-nio-5000-exec-3] o.h.e.i.TwoPhaseLoad                     : Processing attribute `productGroupName` : value = TV
2022-08-13 00:49:50.888 DEBUG 11532 --- [http-nio-5000-exec-3] o.h.e.i.TwoPhaseLoad                     : Attribute (`productGroupName`)  - enhanced for lazy-loading? - false
2022-08-13 00:49:50.888 DEBUG 11532 --- [http-nio-5000-exec-3] o.h.e.i.TwoPhaseLoad                     : Processing attribute `productGroupRegDate` : value = 2022-08-11T00:52:23
2022-08-13 00:49:50.888 DEBUG 11532 --- [http-nio-5000-exec-3] o.h.e.i.TwoPhaseLoad                     : Attribute (`productGroupRegDate`)  - enhanced for lazy-loading? - false
2022-08-13 00:49:50.888 DEBUG 11532 --- [http-nio-5000-exec-3] o.h.e.i.TwoPhaseLoad                     : Processing attribute `productGroupRegUser` : value = samsung
2022-08-13 00:49:50.888 DEBUG 11532 --- [http-nio-5000-exec-3] o.h.e.i.TwoPhaseLoad                     : Attribute (`productGroupRegUser`)  - enhanced for lazy-loading? - false
2022-08-13 00:49:50.888 DEBUG 11532 --- [http-nio-5000-exec-3] o.h.e.i.TwoPhaseLoad                     : Done materializing entity [backend.sellerB.entity.ProductGroup#1]
2022-08-13 00:49:50.888 DEBUG 11532 --- [http-nio-5000-exec-3] o.h.e.i.TwoPhaseLoad                     : Resolving attributes for [backend.sellerB.entity.Brand#1]
2022-08-13 00:49:50.888 DEBUG 11532 --- [http-nio-5000-exec-3] o.h.e.i.TwoPhaseLoad                     : Processing attribute `brandDelYn` : value = false
2022-08-13 00:49:50.888 DEBUG 11532 --- [http-nio-5000-exec-3] o.h.e.i.TwoPhaseLoad                     : Attribute (`brandDelYn`)  - enhanced for lazy-loading? - false
2022-08-13 00:49:50.888 DEBUG 11532 --- [http-nio-5000-exec-3] o.h.e.i.TwoPhaseLoad                     : Processing attribute `brandLogo` : value = 이미지경로
2022-08-13 00:49:50.888 DEBUG 11532 --- [http-nio-5000-exec-3] o.h.e.i.TwoPhaseLoad                     : Attribute (`brandLogo`)  - enhanced for lazy-loading? - false
2022-08-13 00:49:50.888 DEBUG 11532 --- [http-nio-5000-exec-3] o.h.e.i.TwoPhaseLoad                     : Processing attribute `brandModDate` : value = 2022-08-10T23:55:11
2022-08-13 00:49:50.888 DEBUG 11532 --- [http-nio-5000-exec-3] o.h.e.i.TwoPhaseLoad                     : Attribute (`brandModDate`)  - enhanced for lazy-loading? - false
2022-08-13 00:49:50.888 DEBUG 11532 --- [http-nio-5000-exec-3] o.h.e.i.TwoPhaseLoad                     : Processing attribute `brandModUser` : value = root
2022-08-13 00:49:50.888 DEBUG 11532 --- [http-nio-5000-exec-3] o.h.e.i.TwoPhaseLoad                     : Attribute (`brandModUser`)  - enhanced for lazy-loading? - false
2022-08-13 00:49:50.888 DEBUG 11532 --- [http-nio-5000-exec-3] o.h.e.i.TwoPhaseLoad                     : Processing attribute `brandNameEng` : value = Samsung
2022-08-13 00:49:50.904 DEBUG 11532 --- [http-nio-5000-exec-3] o.h.e.i.TwoPhaseLoad                     : Attribute (`brandNameEng`)  - enhanced for lazy-loading? - false
2022-08-13 00:49:50.904 DEBUG 11532 --- [http-nio-5000-exec-3] o.h.e.i.TwoPhaseLoad                     : Processing attribute `brandNameKor` : value = 삼성
2022-08-13 00:49:50.904 DEBUG 11532 --- [http-nio-5000-exec-3] o.h.e.i.TwoPhaseLoad                     : Attribute (`brandNameKor`)  - enhanced for lazy-loading? - false
2022-08-13 00:49:50.904 DEBUG 11532 --- [http-nio-5000-exec-3] o.h.e.i.TwoPhaseLoad                     : Processing attribute `brandRegDate` : value = 2022-08-10T23:55:11
2022-08-13 00:49:50.904 DEBUG 11532 --- [http-nio-5000-exec-3] o.h.e.i.TwoPhaseLoad                     : Attribute (`brandRegDate`)  - enhanced for lazy-loading? - false
2022-08-13 00:49:50.904 DEBUG 11532 --- [http-nio-5000-exec-3] o.h.e.i.TwoPhaseLoad                     : Processing attribute `brandRegUser` : value = root
2022-08-13 00:49:50.904 DEBUG 11532 --- [http-nio-5000-exec-3] o.h.e.i.TwoPhaseLoad                     : Attribute (`brandRegUser`)  - enhanced for lazy-loading? - false
2022-08-13 00:49:50.904 DEBUG 11532 --- [http-nio-5000-exec-3] o.h.e.i.TwoPhaseLoad                     : Processing attribute `productGroups` : value = NOT NULL COLLECTION
2022-08-13 00:49:50.905 DEBUG 11532 --- [http-nio-5000-exec-3] o.h.e.i.TwoPhaseLoad                     : Attribute (`productGroups`)  - enhanced for lazy-loading? - false
2022-08-13 00:49:50.905 DEBUG 11532 --- [http-nio-5000-exec-3] o.h.e.i.TwoPhaseLoad                     : Done materializing entity [backend.sellerB.entity.Brand#1]
2022-08-13 00:49:50.905 DEBUG 11532 --- [http-nio-5000-exec-3] .l.e.p.AbstractLoadPlanBasedEntityLoader : Done entity load : backend.sellerB.entity.Product#2
2022-08-13 00:49:50.905 DEBUG 11532 --- [http-nio-5000-exec-3] o.h.e.i.TwoPhaseLoad                     : Done materializing entity [backend.sellerB.entity.CustomerWaitingPage#8]
2022-08-13 00:49:50.905 DEBUG 11532 --- [http-nio-5000-exec-3] o.s.o.j.JpaTransactionManager            : Initiating transaction commit
2022-08-13 00:49:50.905 DEBUG 11532 --- [http-nio-5000-exec-3] o.s.o.j.JpaTransactionManager            : Committing JPA transaction on EntityManager [SessionImpl(1928434209<open>)]
2022-08-13 00:49:50.905 DEBUG 11532 --- [http-nio-5000-exec-3] o.h.e.t.i.TransactionImpl                : committing
2022-08-13 00:49:50.905 DEBUG 11532 --- [http-nio-5000-exec-3] o.h.e.i.AbstractFlushingEventListener    : Processing flush-time cascades
2022-08-13 00:49:50.905 DEBUG 11532 --- [http-nio-5000-exec-3] o.h.e.i.AbstractFlushingEventListener    : Dirty checking collections
2022-08-13 00:49:50.905 DEBUG 11532 --- [http-nio-5000-exec-3] o.h.e.i.Collections                      : Collection found: [backend.sellerB.entity.Brand.productGroups#1], was: [backend.sellerB.entity.Brand.productGroups#1] (uninitialized)
2022-08-13 00:49:50.906 DEBUG 11532 --- [http-nio-5000-exec-3] o.h.e.i.AbstractFlushingEventListener    : Flushed: 0 insertions, 0 updates, 0 deletions to 4 objects
2022-08-13 00:49:50.906 DEBUG 11532 --- [http-nio-5000-exec-3] o.h.e.i.AbstractFlushingEventListener    : Flushed: 0 (re)creations, 0 updates, 0 removals to 1 collections
2022-08-13 00:49:50.906 DEBUG 11532 --- [http-nio-5000-exec-3] o.h.i.u.EntityPrinter                    : Listing entities:
2022-08-13 00:49:50.906 DEBUG 11532 --- [http-nio-5000-exec-3] o.h.i.u.EntityPrinter                    : backend.sellerB.entity.CustomerWaitingPage{customerWaitingPageMent=test, customerWaitingPageModUser=비회원, customerWaitingPageSeq=8, product=backend.sellerB.entity.Product#2, customerWaitingPageModDate=2022-08-13T00:49:42, customerWaitingPageRegUser=비회원, customerWaitingPageDelYn=false, customerWaitingPageImage=https://sellerb.s3.ap-northeast-2.amazonaws.com/product/image.1_1660279015671.png, customerWaitingPageRegDate=2022-08-13T00:49:42}
2022-08-13 00:49:50.906 DEBUG 11532 --- [http-nio-5000-exec-3] o.h.i.u.EntityPrinter                    : backend.sellerB.entity.Product{productManual=메뉴얼, productRegDate=2022-08-11T12:03:16, productDelYn=false, productId=KQ75QB65AFXKR, productGroup=backend.sellerB.entity.ProductGroup#1, productThumbnail=https://sellerb.s3.ap-northeast-2.amazonaws.com/product/image.2_1660279246834.png, productModDate=2022-08-11T12:03:16, productRegUser=s_manager, productSeq=2, productModUser=s_manager, productName=2022 QLED 4K 189 cm 스탠드형
, productPrice=3690000}
2022-08-13 00:49:50.906 DEBUG 11532 --- [http-nio-5000-exec-3] o.h.i.u.EntityPrinter                    : backend.sellerB.entity.Brand{brandDelYn=false, brandSeq=1, brandRegDate=2022-08-10T23:55:11, brandNameEng=Samsung, brandNameKor=삼성, brandModUser=root, productGroups=<uninitialized>, brandModDate=2022-08-10T23:55:11, brandLogo=이미지경로, brandRegUser=root}
2022-08-13 00:49:50.906 DEBUG 11532 --- [http-nio-5000-exec-3] o.h.i.u.EntityPrinter                    : backend.sellerB.entity.ProductGroup{productGroupRegDate=2022-08-11T00:52:23, productGroupSeq=1, productGroupDelYn=false, productGroupCode=S001, productGroupRegUser=samsung, productGroupModDate=2022-08-11T00:52:23, productGroupName=TV, productGroupMod=samsung, brand=backend.sellerB.entity.Brand#1}
2022-08-13 00:49:50.906 DEBUG 11532 --- [http-nio-5000-exec-3] o.m.j.c.i.StandardClient                 : execute query: COMMIT
2022-08-13 00:49:50.954 DEBUG 11532 --- [http-nio-5000-exec-3] o.m.j.c.i.StandardClient                 : execute query: set autocommit=1
2022-08-13 00:49:50.959 DEBUG 11532 --- [http-nio-5000-exec-3] o.m.j.m.s.OkPacket                       : System variable change:  autocommit = ON
2022-08-13 00:49:50.959 DEBUG 11532 --- [http-nio-5000-exec-3] o.s.o.j.JpaTransactionManager            : Not closing pre-bound JPA EntityManager after transaction
2022-08-13 00:49:50.960 DEBUG 11532 --- [http-nio-5000-exec-3] o.s.w.s.m.m.a.HttpEntityMethodProcessor  : Using 'application/json', given [*/*] and supported [application/json, application/*+json, application/json, application/*+json, application/cbor]
2022-08-13 00:49:50.960 DEBUG 11532 --- [http-nio-5000-exec-3] o.s.w.s.m.m.a.HttpEntityMethodProcessor  : Nothing to write: null body
2022-08-13 00:49:50.960 DEBUG 11532 --- [http-nio-5000-exec-3] o.j.s.OpenEntityManagerInViewInterceptor : Closing JPA EntityManager in OpenEntityManagerInViewInterceptor
2022-08-13 00:49:50.960 DEBUG 11532 --- [http-nio-5000-exec-3] o.s.w.s.DispatcherServlet                : Completed 403 FORBIDDEN
2022-08-13 00:49:50.960 DEBUG 11532 --- [http-nio-5000-exec-3] s.s.w.c.SecurityContextPersistenceFilter : Cleared SecurityContextHolder to complete request
2022-08-13 00:49:59.280 DEBUG 11532 --- [SpringApplicationShutdownHook] o.s.b.a.ApplicationAvailabilityBean      : Application availability state ReadinessState changed from ACCEPTING_TRAFFIC to REFUSING_TRAFFIC
2022-08-13 00:49:59.280 DEBUG 11532 --- [SpringApplicationShutdownHook] ConfigServletWebServerApplicationContext : Closing org.springframework.boot.web.servlet.context.AnnotationConfigServletWebServerApplicationContext@2d7e1102, started on Sat Aug 13 00:49:33 KST 2022
2022-08-13 00:49:59.280 DEBUG 11532 --- [SpringApplicationShutdownHook] ySourcesPropertyResolver$DefaultResolver : Found key 'spring.liveBeansView.mbeanDomain' in PropertySource 'systemProperties' with value of type String
2022-08-13 00:49:59.280 DEBUG 11532 --- [SpringApplicationShutdownHook] o.s.c.s.DefaultLifecycleProcessor        : Stopping beans in phase 2147483647
2022-08-13 00:49:59.280 DEBUG 11532 --- [SpringApplicationShutdownHook] o.s.c.s.DefaultLifecycleProcessor        : Bean 'webServerGracefulShutdown' completed its stop procedure
2022-08-13 00:49:59.280 DEBUG 11532 --- [SpringApplicationShutdownHook] o.s.c.s.DefaultLifecycleProcessor        : Stopping beans in phase 2147483646
2022-08-13 00:49:59.702 DEBUG 11532 --- [SpringApplicationShutdownHook] o.s.c.s.DefaultLifecycleProcessor        : Bean 'webServerStartStop' completed its stop procedure
2022-08-13 00:49:59.702 DEBUG 11532 --- [SpringApplicationShutdownHook] o.s.j.e.a.AnnotationMBeanExporter        : Unregistering JMX-exposed beans on shutdown
2022-08-13 00:49:59.702 DEBUG 11532 --- [SpringApplicationShutdownHook] o.s.j.e.a.AnnotationMBeanExporter        : Unregistering JMX-exposed beans
2022-08-13 00:49:59.702 DEBUG 11532 --- [SpringApplicationShutdownHook] o.s.s.c.ThreadPoolTaskExecutor           : Shutting down ExecutorService 'applicationTaskExecutor'
2022-08-13 00:49:59.702 DEBUG 11532 --- [SpringApplicationShutdownHook] h.i.c.PoolingHttpClientConnectionManager : Connection manager is shutting down
2022-08-13 00:49:59.702 DEBUG 11532 --- [SpringApplicationShutdownHook] h.i.c.PoolingHttpClientConnectionManager : Connection manager shut down
2022-08-13 00:49:59.702  INFO 11532 --- [SpringApplicationShutdownHook] j.LocalContainerEntityManagerFactoryBean : Closing JPA EntityManagerFactory for persistence unit 'default'
2022-08-13 00:49:59.702 DEBUG 11532 --- [SpringApplicationShutdownHook] o.h.i.SessionFactoryImpl                 : HHH000031: Closing
2022-08-13 00:49:59.702 DEBUG 11532 --- [SpringApplicationShutdownHook] o.h.t.s.TypeConfiguration$Scope          : Un-scoping TypeConfiguration [org.hibernate.type.spi.TypeConfiguration$Scope@77be2fb4] from SessionFactory [org.hibernate.internal.SessionFactoryImpl@47ffa248]
2022-08-13 00:49:59.702 DEBUG 11532 --- [SpringApplicationShutdownHook] o.h.s.i.AbstractServiceRegistryImpl      : Implicitly destroying ServiceRegistry on de-registration of all child ServiceRegistries
2022-08-13 00:49:59.718 DEBUG 11532 --- [SpringApplicationShutdownHook] o.h.b.r.i.BootstrapServiceRegistryImpl   : Implicitly destroying Boot-strap registry on de-registration of all child ServiceRegistries
2022-08-13 00:49:59.718  INFO 11532 --- [SpringApplicationShutdownHook] c.z.h.HikariDataSource                   : HikariPool-1 - Shutdown initiated...
2022-08-13 00:49:59.718 DEBUG 11532 --- [SpringApplicationShutdownHook] c.z.h.p.HikariPool                       : HikariPool-1 - Before shutdown stats (total=10, active=0, idle=10, waiting=0)
2022-08-13 00:49:59.718 DEBUG 11532 --- [HikariPool-1 connection closer] c.z.h.p.PoolBase                         : HikariPool-1 - Closing connection org.mariadb.jdbc.Connection@e4b54d3: (connection evicted)
2022-08-13 00:49:59.702 DEBUG 11532 --- [java-sdk-http-connection-reaper] c.a.h.IdleConnectionReaper               : Reaper thread: 

java.lang.InterruptedException: sleep interrupted
	at java.lang.Thread.sleep(Native Method) ~[?:?]
	at com.amazonaws.http.IdleConnectionReaper.run(IdleConnectionReaper.java:188) ~[aws-java-sdk-core-1.11.951.jar:?]

2022-08-13 00:49:59.718 DEBUG 11532 --- [java-sdk-http-connection-reaper] c.a.h.IdleConnectionReaper               : Shutting down reaper thread.
2022-08-13 00:49:59.718 DEBUG 11532 --- [HikariPool-1 connection closer] c.z.h.p.PoolBase                         : HikariPool-1 - Closing connection org.mariadb.jdbc.Connection@5b8e6120: (connection evicted)
2022-08-13 00:49:59.718 DEBUG 11532 --- [HikariPool-1 connection closer] c.z.h.p.PoolBase                         : HikariPool-1 - Closing connection org.mariadb.jdbc.Connection@ecfcb27: (connection evicted)
2022-08-13 00:49:59.733 DEBUG 11532 --- [HikariPool-1 connection closer] c.z.h.p.PoolBase                         : HikariPool-1 - Closing connection org.mariadb.jdbc.Connection@2f6a0c55: (connection evicted)
2022-08-13 00:49:59.733 DEBUG 11532 --- [HikariPool-1 connection closer] c.z.h.p.PoolBase                         : HikariPool-1 - Closing connection org.mariadb.jdbc.Connection@44f5de14: (connection evicted)
2022-08-13 00:49:59.749 DEBUG 11532 --- [HikariPool-1 connection closer] c.z.h.p.PoolBase                         : HikariPool-1 - Closing connection org.mariadb.jdbc.Connection@d46d052: (connection evicted)
2022-08-13 00:49:59.749 DEBUG 11532 --- [HikariPool-1 connection closer] c.z.h.p.PoolBase                         : HikariPool-1 - Closing connection org.mariadb.jdbc.Connection@6fda94b0: (connection evicted)
2022-08-13 00:49:59.749 DEBUG 11532 --- [HikariPool-1 connection closer] c.z.h.p.PoolBase                         : HikariPool-1 - Closing connection org.mariadb.jdbc.Connection@3fd97129: (connection evicted)
2022-08-13 00:49:59.764 DEBUG 11532 --- [HikariPool-1 connection closer] c.z.h.p.PoolBase                         : HikariPool-1 - Closing connection org.mariadb.jdbc.Connection@442ad759: (connection evicted)
2022-08-13 00:49:59.764 DEBUG 11532 --- [HikariPool-1 connection closer] c.z.h.p.PoolBase                         : HikariPool-1 - Closing connection org.mariadb.jdbc.Connection@5960a4e1: (connection evicted)
2022-08-13 00:49:59.764 DEBUG 11532 --- [SpringApplicationShutdownHook] c.z.h.p.HikariPool                       : HikariPool-1 - After shutdown stats (total=0, active=0, idle=0, waiting=0)
2022-08-13 00:49:59.764  INFO 11532 --- [SpringApplicationShutdownHook] c.z.h.HikariDataSource                   : HikariPool-1 - Shutdown completed.
